<?xml version="1.0" encoding="UTF-8"?>
<testsuite xmlns:xsi="http://www.w3.org/2001/XMLSchema-instance" xsi:noNamespaceSchemaLocation="https://maven.apache.org/surefire/maven-surefire-plugin/xsd/surefire-test-report.xsd" name="com.chenxu.article.test.ArticleFreemarkerTest" time="8.221" tests="1" errors="1" skipped="0" failures="0">
  <properties>
    <property name="sun.desktop" value="windows"/>
    <property name="awt.toolkit" value="sun.awt.windows.WToolkit"/>
    <property name="file.encoding.pkg" value="sun.io"/>
    <property name="java.specification.version" value="1.8"/>
    <property name="sun.cpu.isalist" value="amd64"/>
    <property name="sun.jnu.encoding" value="GBK"/>
    <property name="java.class.path" value="C:\Users\Administrator\Desktop\项目\chenxu-leadnews\chenxu-leadnews-service\chenxu-leadnews-article\target\test-classes;C:\Users\Administrator\Desktop\项目\chenxu-leadnews\chenxu-leadnews-service\chenxu-leadnews-article\target\classes;C:\Program Files\apache-maven-3.6.1\mvn_resp\org\springframework\boot\spring-boot-starter-freemarker\2.3.9.RELEASE\spring-boot-starter-freemarker-2.3.9.RELEASE.jar;C:\Program Files\apache-maven-3.6.1\mvn_resp\org\springframework\boot\spring-boot-starter\2.3.9.RELEASE\spring-boot-starter-2.3.9.RELEASE.jar;C:\Program Files\apache-maven-3.6.1\mvn_resp\org\springframework\boot\spring-boot\2.3.9.RELEASE\spring-boot-2.3.9.RELEASE.jar;C:\Program Files\apache-maven-3.6.1\mvn_resp\jakarta\annotation\jakarta.annotation-api\1.3.5\jakarta.annotation-api-1.3.5.jar;C:\Program Files\apache-maven-3.6.1\mvn_resp\org\yaml\snakeyaml\1.26\snakeyaml-1.26.jar;C:\Program Files\apache-maven-3.6.1\mvn_resp\org\freemarker\freemarker\2.3.31\freemarker-2.3.31.jar;C:\Program Files\apache-maven-3.6.1\mvn_resp\org\springframework\spring-context-support\5.2.13.RELEASE\spring-context-support-5.2.13.RELEASE.jar;C:\Program Files\apache-maven-3.6.1\mvn_resp\org\springframework\spring-beans\5.2.13.RELEASE\spring-beans-5.2.13.RELEASE.jar;C:\Program Files\apache-maven-3.6.1\mvn_resp\org\springframework\spring-context\5.2.13.RELEASE\spring-context-5.2.13.RELEASE.jar;C:\Users\Administrator\Desktop\项目\chenxu-leadnews\chenxu-leadnews-basic\chenxu-file-starter\target\classes;C:\Program Files\apache-maven-3.6.1\mvn_resp\org\springframework\boot\spring-boot-autoconfigure\2.3.9.RELEASE\spring-boot-autoconfigure-2.3.9.RELEASE.jar;C:\Program Files\apache-maven-3.6.1\mvn_resp\io\minio\minio\7.1.0\minio-7.1.0.jar;C:\Program Files\apache-maven-3.6.1\mvn_resp\com\carrotsearch\thirdparty\simple-xml-safe\2.7.1\simple-xml-safe-2.7.1.jar;C:\Program Files\apache-maven-3.6.1\mvn_resp\com\google\guava\guava\29.0-jre\guava-29.0-jre.jar;C:\Program Files\apache-maven-3.6.1\mvn_resp\com\google\guava\failureaccess\1.0.1\failureaccess-1.0.1.jar;C:\Program Files\apache-maven-3.6.1\mvn_resp\com\google\guava\listenablefuture\9999.0-empty-to-avoid-conflict-with-guava\listenablefuture-9999.0-empty-to-avoid-conflict-with-guava.jar;C:\Program Files\apache-maven-3.6.1\mvn_resp\org\checkerframework\checker-qual\2.11.1\checker-qual-2.11.1.jar;C:\Program Files\apache-maven-3.6.1\mvn_resp\com\google\errorprone\error_prone_annotations\2.3.4\error_prone_annotations-2.3.4.jar;C:\Program Files\apache-maven-3.6.1\mvn_resp\com\google\j2objc\j2objc-annotations\1.3\j2objc-annotations-1.3.jar;C:\Program Files\apache-maven-3.6.1\mvn_resp\com\squareup\okhttp3\okhttp\3.14.9\okhttp-3.14.9.jar;C:\Program Files\apache-maven-3.6.1\mvn_resp\com\squareup\okio\okio\1.17.2\okio-1.17.2.jar;C:\Program Files\apache-maven-3.6.1\mvn_resp\com\fasterxml\jackson\core\jackson-annotations\2.11.4\jackson-annotations-2.11.4.jar;C:\Program Files\apache-maven-3.6.1\mvn_resp\com\fasterxml\jackson\core\jackson-core\2.11.4\jackson-core-2.11.4.jar;C:\Program Files\apache-maven-3.6.1\mvn_resp\com\fasterxml\jackson\core\jackson-databind\2.11.4\jackson-databind-2.11.4.jar;C:\Program Files\apache-maven-3.6.1\mvn_resp\com\github\spotbugs\spotbugs-annotations\4.0.0\spotbugs-annotations-4.0.0.jar;C:\Program Files\apache-maven-3.6.1\mvn_resp\net\jcip\jcip-annotations\1.0\jcip-annotations-1.0.jar;C:\Program Files\apache-maven-3.6.1\mvn_resp\com\google\code\findbugs\jsr305\3.0.2\jsr305-3.0.2.jar;C:\Program Files\apache-maven-3.6.1\mvn_resp\org\springframework\boot\spring-boot-starter-actuator\2.3.9.RELEASE\spring-boot-starter-actuator-2.3.9.RELEASE.jar;C:\Program Files\apache-maven-3.6.1\mvn_resp\org\springframework\boot\spring-boot-actuator-autoconfigure\2.3.9.RELEASE\spring-boot-actuator-autoconfigure-2.3.9.RELEASE.jar;C:\Program Files\apache-maven-3.6.1\mvn_resp\org\springframework\boot\spring-boot-actuator\2.3.9.RELEASE\spring-boot-actuator-2.3.9.RELEASE.jar;C:\Program Files\apache-maven-3.6.1\mvn_resp\io\micrometer\micrometer-core\1.5.11\micrometer-core-1.5.11.jar;C:\Program Files\apache-maven-3.6.1\mvn_resp\org\hdrhistogram\HdrHistogram\2.1.12\HdrHistogram-2.1.12.jar;C:\Program Files\apache-maven-3.6.1\mvn_resp\org\latencyutils\LatencyUtils\2.0.3\LatencyUtils-2.0.3.jar;C:\Program Files\apache-maven-3.6.1\mvn_resp\org\springframework\cloud\spring-cloud-starter-netflix-eureka-client\2.2.7.RELEASE\spring-cloud-starter-netflix-eureka-client-2.2.7.RELEASE.jar;C:\Program Files\apache-maven-3.6.1\mvn_resp\org\springframework\cloud\spring-cloud-starter\2.2.7.RELEASE\spring-cloud-starter-2.2.7.RELEASE.jar;C:\Program Files\apache-maven-3.6.1\mvn_resp\org\springframework\cloud\spring-cloud-context\2.2.7.RELEASE\spring-cloud-context-2.2.7.RELEASE.jar;C:\Program Files\apache-maven-3.6.1\mvn_resp\org\springframework\security\spring-security-crypto\5.3.8.RELEASE\spring-security-crypto-5.3.8.RELEASE.jar;C:\Program Files\apache-maven-3.6.1\mvn_resp\org\springframework\cloud\spring-cloud-commons\2.2.7.RELEASE\spring-cloud-commons-2.2.7.RELEASE.jar;C:\Program Files\apache-maven-3.6.1\mvn_resp\org\springframework\security\spring-security-rsa\1.0.9.RELEASE\spring-security-rsa-1.0.9.RELEASE.jar;C:\Program Files\apache-maven-3.6.1\mvn_resp\org\bouncycastle\bcpkix-jdk15on\1.64\bcpkix-jdk15on-1.64.jar;C:\Program Files\apache-maven-3.6.1\mvn_resp\org\bouncycastle\bcprov-jdk15on\1.64\bcprov-jdk15on-1.64.jar;C:\Program Files\apache-maven-3.6.1\mvn_resp\org\springframework\cloud\spring-cloud-netflix-hystrix\2.2.7.RELEASE\spring-cloud-netflix-hystrix-2.2.7.RELEASE.jar;C:\Program Files\apache-maven-3.6.1\mvn_resp\org\springframework\boot\spring-boot-starter-aop\2.3.9.RELEASE\spring-boot-starter-aop-2.3.9.RELEASE.jar;C:\Program Files\apache-maven-3.6.1\mvn_resp\org\aspectj\aspectjweaver\1.9.6\aspectjweaver-1.9.6.jar;C:\Program Files\apache-maven-3.6.1\mvn_resp\org\springframework\cloud\spring-cloud-netflix-eureka-client\2.2.7.RELEASE\spring-cloud-netflix-eureka-client-2.2.7.RELEASE.jar;C:\Program Files\apache-maven-3.6.1\mvn_resp\com\netflix\eureka\eureka-client\1.10.11\eureka-client-1.10.11.jar;C:\Program Files\apache-maven-3.6.1\mvn_resp\com\netflix\netflix-commons\netflix-eventbus\0.3.0\netflix-eventbus-0.3.0.jar;C:\Program Files\apache-maven-3.6.1\mvn_resp\com\netflix\netflix-commons\netflix-infix\0.3.0\netflix-infix-0.3.0.jar;C:\Program Files\apache-maven-3.6.1\mvn_resp\commons-jxpath\commons-jxpath\1.3\commons-jxpath-1.3.jar;C:\Program Files\apache-maven-3.6.1\mvn_resp\org\antlr\antlr-runtime\3.4\antlr-runtime-3.4.jar;C:\Program Files\apache-maven-3.6.1\mvn_resp\org\antlr\stringtemplate\3.2.1\stringtemplate-3.2.1.jar;C:\Program Files\apache-maven-3.6.1\mvn_resp\antlr\antlr\2.7.7\antlr-2.7.7.jar;C:\Program Files\apache-maven-3.6.1\mvn_resp\org\apache\commons\commons-math\2.2\commons-math-2.2.jar;C:\Program Files\apache-maven-3.6.1\mvn_resp\com\thoughtworks\xstream\xstream\1.4.14\xstream-1.4.14.jar;C:\Program Files\apache-maven-3.6.1\mvn_resp\xmlpull\xmlpull\1.1.3.1\xmlpull-1.1.3.1.jar;C:\Program Files\apache-maven-3.6.1\mvn_resp\xpp3\xpp3_min\1.1.4c\xpp3_min-1.1.4c.jar;C:\Program Files\apache-maven-3.6.1\mvn_resp\com\netflix\archaius\archaius-core\0.7.7\archaius-core-0.7.7.jar;C:\Program Files\apache-maven-3.6.1\mvn_resp\javax\ws\rs\jsr311-api\1.1.1\jsr311-api-1.1.1.jar;C:\Program Files\apache-maven-3.6.1\mvn_resp\com\netflix\servo\servo-core\0.12.21\servo-core-0.12.21.jar;C:\Program Files\apache-maven-3.6.1\mvn_resp\com\sun\jersey\jersey-core\1.19.1\jersey-core-1.19.1.jar;C:\Program Files\apache-maven-3.6.1\mvn_resp\com\sun\jersey\jersey-client\1.19.1\jersey-client-1.19.1.jar;C:\Program Files\apache-maven-3.6.1\mvn_resp\com\sun\jersey\contribs\jersey-apache-client4\1.19.1\jersey-apache-client4-1.19.1.jar;C:\Program Files\apache-maven-3.6.1\mvn_resp\org\apache\httpcomponents\httpclient\4.5.13\httpclient-4.5.13.jar;C:\Program Files\apache-maven-3.6.1\mvn_resp\org\apache\httpcomponents\httpcore\4.4.14\httpcore-4.4.14.jar;C:\Program Files\apache-maven-3.6.1\mvn_resp\commons-configuration\commons-configuration\1.10\commons-configuration-1.10.jar;C:\Program Files\apache-maven-3.6.1\mvn_resp\commons-lang\commons-lang\2.6\commons-lang-2.6.jar;C:\Program Files\apache-maven-3.6.1\mvn_resp\com\google\inject\guice\4.1.0\guice-4.1.0.jar;C:\Program Files\apache-maven-3.6.1\mvn_resp\javax\inject\javax.inject\1\javax.inject-1.jar;C:\Program Files\apache-maven-3.6.1\mvn_resp\aopalliance\aopalliance\1.0\aopalliance-1.0.jar;C:\Program Files\apache-maven-3.6.1\mvn_resp\org\codehaus\jettison\jettison\1.4.0\jettison-1.4.0.jar;C:\Program Files\apache-maven-3.6.1\mvn_resp\com\netflix\eureka\eureka-core\1.10.11\eureka-core-1.10.11.jar;C:\Program Files\apache-maven-3.6.1\mvn_resp\com\fasterxml\woodstox\woodstox-core\5.3.0\woodstox-core-5.3.0.jar;C:\Program Files\apache-maven-3.6.1\mvn_resp\org\codehaus\woodstox\stax2-api\4.2\stax2-api-4.2.jar;C:\Program Files\apache-maven-3.6.1\mvn_resp\org\springframework\cloud\spring-cloud-starter-netflix-archaius\2.2.7.RELEASE\spring-cloud-starter-netflix-archaius-2.2.7.RELEASE.jar;C:\Program Files\apache-maven-3.6.1\mvn_resp\org\springframework\cloud\spring-cloud-netflix-ribbon\2.2.7.RELEASE\spring-cloud-netflix-ribbon-2.2.7.RELEASE.jar;C:\Program Files\apache-maven-3.6.1\mvn_resp\org\springframework\cloud\spring-cloud-netflix-archaius\2.2.7.RELEASE\spring-cloud-netflix-archaius-2.2.7.RELEASE.jar;C:\Program Files\apache-maven-3.6.1\mvn_resp\org\springframework\cloud\spring-cloud-starter-netflix-ribbon\2.2.7.RELEASE\spring-cloud-starter-netflix-ribbon-2.2.7.RELEASE.jar;C:\Program Files\apache-maven-3.6.1\mvn_resp\com\netflix\ribbon\ribbon\2.3.0\ribbon-2.3.0.jar;C:\Program Files\apache-maven-3.6.1\mvn_resp\com\netflix\ribbon\ribbon-transport\2.3.0\ribbon-transport-2.3.0.jar;C:\Program Files\apache-maven-3.6.1\mvn_resp\io\reactivex\rxnetty-contexts\0.4.9\rxnetty-contexts-0.4.9.jar;C:\Program Files\apache-maven-3.6.1\mvn_resp\io\reactivex\rxnetty-servo\0.4.9\rxnetty-servo-0.4.9.jar;C:\Program Files\apache-maven-3.6.1\mvn_resp\com\netflix\hystrix\hystrix-core\1.5.18\hystrix-core-1.5.18.jar;C:\Program Files\apache-maven-3.6.1\mvn_resp\io\reactivex\rxnetty\0.4.9\rxnetty-0.4.9.jar;C:\Program Files\apache-maven-3.6.1\mvn_resp\com\netflix\ribbon\ribbon-core\2.3.0\ribbon-core-2.3.0.jar;C:\Program Files\apache-maven-3.6.1\mvn_resp\com\netflix\ribbon\ribbon-httpclient\2.3.0\ribbon-httpclient-2.3.0.jar;C:\Program Files\apache-maven-3.6.1\mvn_resp\commons-collections\commons-collections\3.2.2\commons-collections-3.2.2.jar;C:\Program Files\apache-maven-3.6.1\mvn_resp\com\netflix\netflix-commons\netflix-commons-util\0.3.0\netflix-commons-util-0.3.0.jar;C:\Program Files\apache-maven-3.6.1\mvn_resp\com\netflix\ribbon\ribbon-loadbalancer\2.3.0\ribbon-loadbalancer-2.3.0.jar;C:\Program Files\apache-maven-3.6.1\mvn_resp\com\netflix\netflix-commons\netflix-statistics\0.1.1\netflix-statistics-0.1.1.jar;C:\Program Files\apache-maven-3.6.1\mvn_resp\io\reactivex\rxjava\1.3.8\rxjava-1.3.8.jar;C:\Program Files\apache-maven-3.6.1\mvn_resp\org\springframework\cloud\spring-cloud-starter-loadbalancer\2.2.7.RELEASE\spring-cloud-starter-loadbalancer-2.2.7.RELEASE.jar;C:\Program Files\apache-maven-3.6.1\mvn_resp\org\springframework\cloud\spring-cloud-loadbalancer\2.2.7.RELEASE\spring-cloud-loadbalancer-2.2.7.RELEASE.jar;C:\Program Files\apache-maven-3.6.1\mvn_resp\org\springframework\boot\spring-boot-starter-validation\2.3.9.RELEASE\spring-boot-starter-validation-2.3.9.RELEASE.jar;C:\Program Files\apache-maven-3.6.1\mvn_resp\io\projectreactor\reactor-core\3.3.14.RELEASE\reactor-core-3.3.14.RELEASE.jar;C:\Program Files\apache-maven-3.6.1\mvn_resp\org\reactivestreams\reactive-streams\1.0.3\reactive-streams-1.0.3.jar;C:\Program Files\apache-maven-3.6.1\mvn_resp\io\projectreactor\addons\reactor-extra\3.3.5.RELEASE\reactor-extra-3.3.5.RELEASE.jar;C:\Program Files\apache-maven-3.6.1\mvn_resp\com\stoyanr\evictor\1.0.0\evictor-1.0.0.jar;C:\Program Files\apache-maven-3.6.1\mvn_resp\com\netflix\ribbon\ribbon-eureka\2.3.0\ribbon-eureka-2.3.0.jar;C:\Program Files\apache-maven-3.6.1\mvn_resp\org\slf4j\slf4j-api\1.7.30\slf4j-api-1.7.30.jar;C:\Users\Administrator\Desktop\项目\chenxu-leadnews\chenxu-leadnews-model\target\classes;C:\Program Files\apache-maven-3.6.1\mvn_resp\mysql\mysql-connector-java\5.1.46\mysql-connector-java-5.1.46.jar;C:\Program Files\apache-maven-3.6.1\mvn_resp\org\mybatis\mybatis\3.5.1\mybatis-3.5.1.jar;C:\Program Files\apache-maven-3.6.1\mvn_resp\org\apache\commons\commons-lang3\3.5\commons-lang3-3.5.jar;C:\Program Files\apache-maven-3.6.1\mvn_resp\com\baomidou\mybatis-plus-boot-starter\3.4.1\mybatis-plus-boot-starter-3.4.1.jar;C:\Program Files\apache-maven-3.6.1\mvn_resp\com\baomidou\mybatis-plus\3.4.1\mybatis-plus-3.4.1.jar;C:\Program Files\apache-maven-3.6.1\mvn_resp\com\baomidou\mybatis-plus-extension\3.4.1\mybatis-plus-extension-3.4.1.jar;C:\Program Files\apache-maven-3.6.1\mvn_resp\com\baomidou\mybatis-plus-core\3.4.1\mybatis-plus-core-3.4.1.jar;C:\Program Files\apache-maven-3.6.1\mvn_resp\com\baomidou\mybatis-plus-annotation\3.4.1\mybatis-plus-annotation-3.4.1.jar;C:\Program Files\apache-maven-3.6.1\mvn_resp\com\github\jsqlparser\jsqlparser\3.2\jsqlparser-3.2.jar;C:\Program Files\apache-maven-3.6.1\mvn_resp\org\mybatis\mybatis-spring\2.0.1\mybatis-spring-2.0.1.jar;C:\Program Files\apache-maven-3.6.1\mvn_resp\org\springframework\boot\spring-boot-starter-jdbc\2.3.9.RELEASE\spring-boot-starter-jdbc-2.3.9.RELEASE.jar;C:\Program Files\apache-maven-3.6.1\mvn_resp\com\zaxxer\HikariCP\3.4.5\HikariCP-3.4.5.jar;C:\Program Files\apache-maven-3.6.1\mvn_resp\org\springframework\spring-jdbc\5.2.13.RELEASE\spring-jdbc-5.2.13.RELEASE.jar;C:\Program Files\apache-maven-3.6.1\mvn_resp\com\alibaba\fastjson\1.2.58\fastjson-1.2.58.jar;C:\Program Files\apache-maven-3.6.1\mvn_resp\io\springfox\springfox-swagger2\2.9.2\springfox-swagger2-2.9.2.jar;C:\Program Files\apache-maven-3.6.1\mvn_resp\io\swagger\swagger-annotations\1.5.20\swagger-annotations-1.5.20.jar;C:\Program Files\apache-maven-3.6.1\mvn_resp\io\swagger\swagger-models\1.5.20\swagger-models-1.5.20.jar;C:\Program Files\apache-maven-3.6.1\mvn_resp\io\springfox\springfox-spi\2.9.2\springfox-spi-2.9.2.jar;C:\Program Files\apache-maven-3.6.1\mvn_resp\io\springfox\springfox-core\2.9.2\springfox-core-2.9.2.jar;C:\Program Files\apache-maven-3.6.1\mvn_resp\io\springfox\springfox-schema\2.9.2\springfox-schema-2.9.2.jar;C:\Program Files\apache-maven-3.6.1\mvn_resp\io\springfox\springfox-swagger-common\2.9.2\springfox-swagger-common-2.9.2.jar;C:\Program Files\apache-maven-3.6.1\mvn_resp\io\springfox\springfox-spring-web\2.9.2\springfox-spring-web-2.9.2.jar;C:\Program Files\apache-maven-3.6.1\mvn_resp\com\fasterxml\classmate\1.5.1\classmate-1.5.1.jar;C:\Program Files\apache-maven-3.6.1\mvn_resp\org\springframework\plugin\spring-plugin-core\1.2.0.RELEASE\spring-plugin-core-1.2.0.RELEASE.jar;C:\Program Files\apache-maven-3.6.1\mvn_resp\org\springframework\plugin\spring-plugin-metadata\1.2.0.RELEASE\spring-plugin-metadata-1.2.0.RELEASE.jar;C:\Program Files\apache-maven-3.6.1\mvn_resp\org\mapstruct\mapstruct\1.2.0.Final\mapstruct-1.2.0.Final.jar;C:\Program Files\apache-maven-3.6.1\mvn_resp\io\springfox\springfox-swagger-ui\2.9.2\springfox-swagger-ui-2.9.2.jar;C:\Users\Administrator\Desktop\项目\chenxu-leadnews\chenxu-leadnews-common\target\classes;C:\Users\Administrator\Desktop\项目\chenxu-leadnews\chenxu-leadnews-utils\target\classes;C:\Program Files\apache-maven-3.6.1\mvn_resp\commons-codec\commons-codec\1.12\commons-codec-1.12.jar;C:\Program Files\apache-maven-3.6.1\mvn_resp\io\jsonwebtoken\jjwt\0.9.1\jjwt-0.9.1.jar;C:\Program Files\apache-maven-3.6.1\mvn_resp\com\hankcs\hanlp\portable-1.3.4\hanlp-portable-1.3.4.jar;C:\Program Files\apache-maven-3.6.1\mvn_resp\commons-beanutils\commons-beanutils\1.9.3\commons-beanutils-1.9.3.jar;C:\Program Files\apache-maven-3.6.1\mvn_resp\commons-logging\commons-logging\1.2\commons-logging-1.2.jar;C:\Program Files\apache-maven-3.6.1\mvn_resp\io\protostuff\protostuff-core\1.6.0\protostuff-core-1.6.0.jar;C:\Program Files\apache-maven-3.6.1\mvn_resp\io\protostuff\protostuff-api\1.6.0\protostuff-api-1.6.0.jar;C:\Program Files\apache-maven-3.6.1\mvn_resp\io\protostuff\protostuff-runtime\1.6.0\protostuff-runtime-1.6.0.jar;C:\Program Files\apache-maven-3.6.1\mvn_resp\io\protostuff\protostuff-collectionschema\1.6.0\protostuff-collectionschema-1.6.0.jar;C:\Program Files\apache-maven-3.6.1\mvn_resp\org\reflections\reflections\0.9.11\reflections-0.9.11.jar;C:\Program Files\apache-maven-3.6.1\mvn_resp\org\javassist\javassist\3.21.0-GA\javassist-3.21.0-GA.jar;C:\Program Files\apache-maven-3.6.1\mvn_resp\org\springframework\boot\spring-boot-test\2.3.9.RELEASE\spring-boot-test-2.3.9.RELEASE.jar;C:\Program Files\apache-maven-3.6.1\mvn_resp\org\springframework\boot\spring-boot-starter-data-redis\2.3.9.RELEASE\spring-boot-starter-data-redis-2.3.9.RELEASE.jar;C:\Program Files\apache-maven-3.6.1\mvn_resp\org\springframework\data\spring-data-redis\2.3.7.RELEASE\spring-data-redis-2.3.7.RELEASE.jar;C:\Program Files\apache-maven-3.6.1\mvn_resp\org\springframework\data\spring-data-keyvalue\2.3.7.RELEASE\spring-data-keyvalue-2.3.7.RELEASE.jar;C:\Program Files\apache-maven-3.6.1\mvn_resp\org\springframework\data\spring-data-commons\2.3.7.RELEASE\spring-data-commons-2.3.7.RELEASE.jar;C:\Program Files\apache-maven-3.6.1\mvn_resp\org\springframework\spring-oxm\5.2.13.RELEASE\spring-oxm-5.2.13.RELEASE.jar;C:\Program Files\apache-maven-3.6.1\mvn_resp\io\lettuce\lettuce-core\5.3.6.RELEASE\lettuce-core-5.3.6.RELEASE.jar;C:\Program Files\apache-maven-3.6.1\mvn_resp\io\netty\netty-common\4.1.59.Final\netty-common-4.1.59.Final.jar;C:\Program Files\apache-maven-3.6.1\mvn_resp\io\netty\netty-handler\4.1.59.Final\netty-handler-4.1.59.Final.jar;C:\Program Files\apache-maven-3.6.1\mvn_resp\io\netty\netty-resolver\4.1.59.Final\netty-resolver-4.1.59.Final.jar;C:\Program Files\apache-maven-3.6.1\mvn_resp\io\netty\netty-buffer\4.1.59.Final\netty-buffer-4.1.59.Final.jar;C:\Program Files\apache-maven-3.6.1\mvn_resp\io\netty\netty-codec\4.1.59.Final\netty-codec-4.1.59.Final.jar;C:\Program Files\apache-maven-3.6.1\mvn_resp\io\netty\netty-transport\4.1.59.Final\netty-transport-4.1.59.Final.jar;C:\Program Files\apache-maven-3.6.1\mvn_resp\org\apache\commons\commons-pool2\2.8.1\commons-pool2-2.8.1.jar;C:\Program Files\apache-maven-3.6.1\mvn_resp\org\springframework\boot\spring-boot-starter-cache\2.3.9.RELEASE\spring-boot-starter-cache-2.3.9.RELEASE.jar;C:\Program Files\apache-maven-3.6.1\mvn_resp\com\github\tobato\fastdfs-client\1.26.5\fastdfs-client-1.26.5.jar;C:\Program Files\apache-maven-3.6.1\mvn_resp\org\slf4j\jcl-over-slf4j\1.7.30\jcl-over-slf4j-1.7.30.jar;C:\Program Files\apache-maven-3.6.1\mvn_resp\ch\qos\logback\logback-classic\1.2.3\logback-classic-1.2.3.jar;C:\Program Files\apache-maven-3.6.1\mvn_resp\ch\qos\logback\logback-core\1.2.3\logback-core-1.2.3.jar;C:\Program Files\apache-maven-3.6.1\mvn_resp\commons-io\commons-io\2.6\commons-io-2.6.jar;C:\Program Files\apache-maven-3.6.1\mvn_resp\org\hibernate\validator\hibernate-validator\6.1.7.Final\hibernate-validator-6.1.7.Final.jar;C:\Program Files\apache-maven-3.6.1\mvn_resp\jakarta\validation\jakarta.validation-api\2.0.2\jakarta.validation-api-2.0.2.jar;C:\Program Files\apache-maven-3.6.1\mvn_resp\org\jboss\logging\jboss-logging\3.4.1.Final\jboss-logging-3.4.1.Final.jar;C:\Program Files\apache-maven-3.6.1\mvn_resp\net\coobird\thumbnailator\0.4.8\thumbnailator-0.4.8.jar;C:\Program Files\apache-maven-3.6.1\mvn_resp\org\springframework\kafka\spring-kafka\2.6.6\spring-kafka-2.6.6.jar;C:\Program Files\apache-maven-3.6.1\mvn_resp\org\springframework\spring-messaging\5.2.13.RELEASE\spring-messaging-5.2.13.RELEASE.jar;C:\Program Files\apache-maven-3.6.1\mvn_resp\org\springframework\spring-tx\5.2.13.RELEASE\spring-tx-5.2.13.RELEASE.jar;C:\Program Files\apache-maven-3.6.1\mvn_resp\org\springframework\retry\spring-retry\1.2.5.RELEASE\spring-retry-1.2.5.RELEASE.jar;C:\Program Files\apache-maven-3.6.1\mvn_resp\org\apache\kafka\kafka-clients\2.5.1\kafka-clients-2.5.1.jar;C:\Program Files\apache-maven-3.6.1\mvn_resp\com\github\luben\zstd-jni\1.4.4-7\zstd-jni-1.4.4-7.jar;C:\Program Files\apache-maven-3.6.1\mvn_resp\org\lz4\lz4-java\1.7.1\lz4-java-1.7.1.jar;C:\Program Files\apache-maven-3.6.1\mvn_resp\org\xerial\snappy\snappy-java\1.1.7.3\snappy-java-1.1.7.3.jar;C:\Program Files\apache-maven-3.6.1\mvn_resp\org\apache\kafka\kafka-streams\2.5.1\kafka-streams-2.5.1.jar;C:\Program Files\apache-maven-3.6.1\mvn_resp\org\rocksdb\rocksdbjni\5.18.3\rocksdbjni-5.18.3.jar;C:\Program Files\apache-maven-3.6.1\mvn_resp\com\aliyun\aliyun-java-sdk-core\4.1.1\aliyun-java-sdk-core-4.1.1.jar;C:\Program Files\apache-maven-3.6.1\mvn_resp\com\google\code\gson\gson\2.8.6\gson-2.8.6.jar;C:\Program Files\apache-maven-3.6.1\mvn_resp\javax\xml\bind\jaxb-api\2.3.1\jaxb-api-2.3.1.jar;C:\Program Files\apache-maven-3.6.1\mvn_resp\javax\activation\javax.activation-api\1.2.0\javax.activation-api-1.2.0.jar;C:\Program Files\apache-maven-3.6.1\mvn_resp\com\sun\xml\bind\jaxb-core\2.1.14\jaxb-core-2.1.14.jar;C:\Program Files\apache-maven-3.6.1\mvn_resp\com\sun\xml\bind\jaxb-impl\2.1\jaxb-impl-2.1.jar;C:\Program Files\apache-maven-3.6.1\mvn_resp\javax\activation\activation\1.1.1\activation-1.1.1.jar;C:\Program Files\apache-maven-3.6.1\mvn_resp\com\aliyun\aliyun-java-sdk-green\3.4.1\aliyun-java-sdk-green-3.4.1.jar;C:\Program Files\apache-maven-3.6.1\mvn_resp\com\aliyun\oss\aliyun-sdk-oss\2.8.3\aliyun-sdk-oss-2.8.3.jar;C:\Program Files\apache-maven-3.6.1\mvn_resp\org\jdom\jdom\1.1\jdom-1.1.jar;C:\Program Files\apache-maven-3.6.1\mvn_resp\org\apache\hbase\hbase-client\2.1.5\hbase-client-2.1.5.jar;C:\Program Files\apache-maven-3.6.1\mvn_resp\org\apache\hbase\thirdparty\hbase-shaded-protobuf\2.1.0\hbase-shaded-protobuf-2.1.0.jar;C:\Program Files\apache-maven-3.6.1\mvn_resp\org\apache\hbase\hbase-common\2.1.5\hbase-common-2.1.5.jar;C:\Program Files\apache-maven-3.6.1\mvn_resp\com\github\stephenc\findbugs\findbugs-annotations\1.3.9-1\findbugs-annotations-1.3.9-1.jar;C:\Program Files\apache-maven-3.6.1\mvn_resp\org\apache\hbase\hbase-hadoop-compat\2.1.5\hbase-hadoop-compat-2.1.5.jar;C:\Program Files\apache-maven-3.6.1\mvn_resp\org\apache\hbase\hbase-metrics-api\2.1.5\hbase-metrics-api-2.1.5.jar;C:\Program Files\apache-maven-3.6.1\mvn_resp\org\apache\hbase\hbase-hadoop2-compat\2.1.5\hbase-hadoop2-compat-2.1.5.jar;C:\Program Files\apache-maven-3.6.1\mvn_resp\org\apache\hbase\hbase-metrics\2.1.5\hbase-metrics-2.1.5.jar;C:\Program Files\apache-maven-3.6.1\mvn_resp\org\apache\hbase\hbase-protocol-shaded\2.1.5\hbase-protocol-shaded-2.1.5.jar;C:\Program Files\apache-maven-3.6.1\mvn_resp\org\apache\hbase\hbase-protocol\2.1.5\hbase-protocol-2.1.5.jar;C:\Program Files\apache-maven-3.6.1\mvn_resp\org\apache\hbase\thirdparty\hbase-shaded-miscellaneous\2.1.0\hbase-shaded-miscellaneous-2.1.0.jar;C:\Program Files\apache-maven-3.6.1\mvn_resp\com\google\protobuf\protobuf-java\3.13.0\protobuf-java-3.13.0.jar;C:\Program Files\apache-maven-3.6.1\mvn_resp\org\apache\hbase\thirdparty\hbase-shaded-netty\2.1.0\hbase-shaded-netty-2.1.0.jar;C:\Program Files\apache-maven-3.6.1\mvn_resp\org\apache\zookeeper\zookeeper\3.4.10\zookeeper-3.4.10.jar;C:\Program Files\apache-maven-3.6.1\mvn_resp\org\apache\htrace\htrace-core4\4.2.0-incubating\htrace-core4-4.2.0-incubating.jar;C:\Program Files\apache-maven-3.6.1\mvn_resp\org\jruby\jcodings\jcodings\1.0.18\jcodings-1.0.18.jar;C:\Program Files\apache-maven-3.6.1\mvn_resp\org\jruby\joni\joni\2.1.11\joni-2.1.11.jar;C:\Program Files\apache-maven-3.6.1\mvn_resp\io\dropwizard\metrics\metrics-core\4.1.17\metrics-core-4.1.17.jar;C:\Program Files\apache-maven-3.6.1\mvn_resp\org\apache\commons\commons-crypto\1.0.0\commons-crypto-1.0.0.jar;C:\Program Files\apache-maven-3.6.1\mvn_resp\org\apache\hadoop\hadoop-auth\2.7.7\hadoop-auth-2.7.7.jar;C:\Program Files\apache-maven-3.6.1\mvn_resp\org\apache\directory\server\apacheds-kerberos-codec\2.0.0-M15\apacheds-kerberos-codec-2.0.0-M15.jar;C:\Program Files\apache-maven-3.6.1\mvn_resp\org\apache\directory\server\apacheds-i18n\2.0.0-M15\apacheds-i18n-2.0.0-M15.jar;C:\Program Files\apache-maven-3.6.1\mvn_resp\org\apache\directory\api\api-asn1-api\1.0.0-M20\api-asn1-api-1.0.0-M20.jar;C:\Program Files\apache-maven-3.6.1\mvn_resp\org\apache\directory\api\api-util\1.0.0-M20\api-util-1.0.0-M20.jar;C:\Program Files\apache-maven-3.6.1\mvn_resp\org\apache\curator\curator-framework\4.2.0\curator-framework-4.2.0.jar;C:\Program Files\apache-maven-3.6.1\mvn_resp\org\apache\hadoop\hadoop-common\2.7.7\hadoop-common-2.7.7.jar;C:\Program Files\apache-maven-3.6.1\mvn_resp\org\apache\hadoop\hadoop-annotations\2.7.7\hadoop-annotations-2.7.7.jar;C:\Users\Administrator\.jdks\corretto-1.8.0_382\jre\..\lib\tools.jar;C:\Program Files\apache-maven-3.6.1\mvn_resp\commons-cli\commons-cli\1.2\commons-cli-1.2.jar;C:\Program Files\apache-maven-3.6.1\mvn_resp\org\apache\commons\commons-math3\3.1.1\commons-math3-3.1.1.jar;C:\Program Files\apache-maven-3.6.1\mvn_resp\xmlenc\xmlenc\0.52\xmlenc-0.52.jar;C:\Program Files\apache-maven-3.6.1\mvn_resp\commons-httpclient\commons-httpclient\3.1\commons-httpclient-3.1.jar;C:\Program Files\apache-maven-3.6.1\mvn_resp\commons-net\commons-net\3.1\commons-net-3.1.jar;C:\Program Files\apache-maven-3.6.1\mvn_resp\org\mortbay\jetty\jetty-sslengine\6.1.26\jetty-sslengine-6.1.26.jar;C:\Program Files\apache-maven-3.6.1\mvn_resp\org\codehaus\jackson\jackson-core-asl\1.9.13\jackson-core-asl-1.9.13.jar;C:\Program Files\apache-maven-3.6.1\mvn_resp\org\codehaus\jackson\jackson-mapper-asl\1.9.13\jackson-mapper-asl-1.9.13.jar;C:\Program Files\apache-maven-3.6.1\mvn_resp\org\apache\avro\avro\1.7.4\avro-1.7.4.jar;C:\Program Files\apache-maven-3.6.1\mvn_resp\com\thoughtworks\paranamer\paranamer\2.3\paranamer-2.3.jar;C:\Program Files\apache-maven-3.6.1\mvn_resp\com\jcraft\jsch\0.1.54\jsch-0.1.54.jar;C:\Program Files\apache-maven-3.6.1\mvn_resp\org\apache\curator\curator-client\2.7.1\curator-client-2.7.1.jar;C:\Program Files\apache-maven-3.6.1\mvn_resp\org\apache\curator\curator-recipes\4.2.0\curator-recipes-4.2.0.jar;C:\Program Files\apache-maven-3.6.1\mvn_resp\org\apache\htrace\htrace-core\3.1.0-incubating\htrace-core-3.1.0-incubating.jar;C:\Program Files\apache-maven-3.6.1\mvn_resp\org\apache\commons\commons-compress\1.4.1\commons-compress-1.4.1.jar;C:\Program Files\apache-maven-3.6.1\mvn_resp\org\tukaani\xz\1.0\xz-1.0.jar;C:\Program Files\apache-maven-3.6.1\mvn_resp\org\apache\yetus\audience-annotations\0.5.0\audience-annotations-0.5.0.jar;C:\Program Files\apache-maven-3.6.1\mvn_resp\junit\junit\4.12\junit-4.12.jar;C:\Program Files\apache-maven-3.6.1\mvn_resp\org\hamcrest\hamcrest-core\2.2\hamcrest-core-2.2.jar;C:\Program Files\apache-maven-3.6.1\mvn_resp\org\jsoup\jsoup\1.10.2\jsoup-1.10.2.jar;C:\Program Files\apache-maven-3.6.1\mvn_resp\joda-time\joda-time\2.10.5\joda-time-2.10.5.jar;C:\Program Files\apache-maven-3.6.1\mvn_resp\com\github\xiaoymin\knife4j-spring-boot-starter\2.0.2\knife4j-spring-boot-starter-2.0.2.jar;C:\Program Files\apache-maven-3.6.1\mvn_resp\com\github\xiaoymin\knife4j-spring-boot-autoconfigure\2.0.2\knife4j-spring-boot-autoconfigure-2.0.2.jar;C:\Program Files\apache-maven-3.6.1\mvn_resp\com\github\xiaoymin\knife4j-spring\2.0.2\knife4j-spring-2.0.2.jar;C:\Program Files\apache-maven-3.6.1\mvn_resp\com\github\xiaoymin\knife4j-annotations\2.0.2\knife4j-annotations-2.0.2.jar;C:\Program Files\apache-maven-3.6.1\mvn_resp\com\github\xiaoymin\knife4j-core\2.0.2\knife4j-core-2.0.2.jar;C:\Program Files\apache-maven-3.6.1\mvn_resp\io\springfox\springfox-bean-validators\2.9.2\springfox-bean-validators-2.9.2.jar;C:\Program Files\apache-maven-3.6.1\mvn_resp\com\github\xiaoymin\knife4j-spring-ui\2.0.2\knife4j-spring-ui-2.0.2.jar;C:\Program Files\apache-maven-3.6.1\mvn_resp\net\sourceforge\tess4j\tess4j\4.1.1\tess4j-4.1.1.jar;C:\Program Files\apache-maven-3.6.1\mvn_resp\net\java\dev\jna\jna\4.1.0\jna-4.1.0.jar;C:\Program Files\apache-maven-3.6.1\mvn_resp\com\github\jai-imageio\jai-imageio-core\1.4.0\jai-imageio-core-1.4.0.jar;C:\Program Files\apache-maven-3.6.1\mvn_resp\org\ghost4j\ghost4j\1.0.1\ghost4j-1.0.1.jar;C:\Program Files\apache-maven-3.6.1\mvn_resp\log4j\log4j\1.2.17\log4j-1.2.17.jar;C:\Program Files\apache-maven-3.6.1\mvn_resp\org\apache\xmlgraphics\xmlgraphics-commons\1.4\xmlgraphics-commons-1.4.jar;C:\Program Files\apache-maven-3.6.1\mvn_resp\com\lowagie\itext\2.1.7\itext-2.1.7.jar;C:\Program Files\apache-maven-3.6.1\mvn_resp\org\apache\pdfbox\pdfbox\2.0.11\pdfbox-2.0.11.jar;C:\Program Files\apache-maven-3.6.1\mvn_resp\org\apache\pdfbox\fontbox\2.0.11\fontbox-2.0.11.jar;C:\Program Files\apache-maven-3.6.1\mvn_resp\org\apache\pdfbox\pdfbox-tools\2.0.11\pdfbox-tools-2.0.11.jar;C:\Program Files\apache-maven-3.6.1\mvn_resp\org\apache\pdfbox\pdfbox-debugger\2.0.11\pdfbox-debugger-2.0.11.jar;C:\Program Files\apache-maven-3.6.1\mvn_resp\org\apache\pdfbox\jbig2-imageio\3.0.1\jbig2-imageio-3.0.1.jar;C:\Program Files\apache-maven-3.6.1\mvn_resp\net\sourceforge\lept4j\lept4j\1.10.0\lept4j-1.10.0.jar;C:\Program Files\apache-maven-3.6.1\mvn_resp\org\jboss\jboss-vfs\3.2.12.Final\jboss-vfs-3.2.12.Final.jar;C:\Program Files\apache-maven-3.6.1\mvn_resp\org\slf4j\log4j-over-slf4j\1.7.30\log4j-over-slf4j-1.7.30.jar;C:\Users\Administrator\Desktop\项目\chenxu-leadnews\chenxu-leadnews-feign-api\target\classes;C:\Program Files\apache-maven-3.6.1\mvn_resp\org\springframework\cloud\spring-cloud-starter-openfeign\2.2.7.RELEASE\spring-cloud-starter-openfeign-2.2.7.RELEASE.jar;C:\Program Files\apache-maven-3.6.1\mvn_resp\org\springframework\cloud\spring-cloud-openfeign-core\2.2.7.RELEASE\spring-cloud-openfeign-core-2.2.7.RELEASE.jar;C:\Program Files\apache-maven-3.6.1\mvn_resp\io\github\openfeign\form\feign-form-spring\3.8.0\feign-form-spring-3.8.0.jar;C:\Program Files\apache-maven-3.6.1\mvn_resp\io\github\openfeign\form\feign-form\3.8.0\feign-form-3.8.0.jar;C:\Program Files\apache-maven-3.6.1\mvn_resp\commons-fileupload\commons-fileupload\1.4\commons-fileupload-1.4.jar;C:\Program Files\apache-maven-3.6.1\mvn_resp\io\github\openfeign\feign-core\10.10.1\feign-core-10.10.1.jar;C:\Program Files\apache-maven-3.6.1\mvn_resp\io\github\openfeign\feign-slf4j\10.10.1\feign-slf4j-10.10.1.jar;C:\Program Files\apache-maven-3.6.1\mvn_resp\io\github\openfeign\feign-hystrix\10.10.1\feign-hystrix-10.10.1.jar;C:\Program Files\apache-maven-3.6.1\mvn_resp\org\springframework\boot\spring-boot-starter-web\2.3.9.RELEASE\spring-boot-starter-web-2.3.9.RELEASE.jar;C:\Program Files\apache-maven-3.6.1\mvn_resp\org\springframework\boot\spring-boot-starter-json\2.3.9.RELEASE\spring-boot-starter-json-2.3.9.RELEASE.jar;C:\Program Files\apache-maven-3.6.1\mvn_resp\com\fasterxml\jackson\datatype\jackson-datatype-jdk8\2.11.4\jackson-datatype-jdk8-2.11.4.jar;C:\Program Files\apache-maven-3.6.1\mvn_resp\com\fasterxml\jackson\datatype\jackson-datatype-jsr310\2.11.4\jackson-datatype-jsr310-2.11.4.jar;C:\Program Files\apache-maven-3.6.1\mvn_resp\com\fasterxml\jackson\module\jackson-module-parameter-names\2.11.4\jackson-module-parameter-names-2.11.4.jar;C:\Program Files\apache-maven-3.6.1\mvn_resp\org\springframework\boot\spring-boot-starter-tomcat\2.3.9.RELEASE\spring-boot-starter-tomcat-2.3.9.RELEASE.jar;C:\Program Files\apache-maven-3.6.1\mvn_resp\org\apache\tomcat\embed\tomcat-embed-core\9.0.43\tomcat-embed-core-9.0.43.jar;C:\Program Files\apache-maven-3.6.1\mvn_resp\org\glassfish\jakarta.el\3.0.3\jakarta.el-3.0.3.jar;C:\Program Files\apache-maven-3.6.1\mvn_resp\org\apache\tomcat\embed\tomcat-embed-websocket\9.0.43\tomcat-embed-websocket-9.0.43.jar;C:\Program Files\apache-maven-3.6.1\mvn_resp\org\springframework\spring-web\5.2.13.RELEASE\spring-web-5.2.13.RELEASE.jar;C:\Program Files\apache-maven-3.6.1\mvn_resp\org\springframework\spring-webmvc\5.2.13.RELEASE\spring-webmvc-5.2.13.RELEASE.jar;C:\Program Files\apache-maven-3.6.1\mvn_resp\org\springframework\spring-aop\5.2.13.RELEASE\spring-aop-5.2.13.RELEASE.jar;C:\Program Files\apache-maven-3.6.1\mvn_resp\org\springframework\spring-expression\5.2.13.RELEASE\spring-expression-5.2.13.RELEASE.jar;C:\Program Files\apache-maven-3.6.1\mvn_resp\org\springframework\boot\spring-boot-starter-test\2.3.9.RELEASE\spring-boot-starter-test-2.3.9.RELEASE.jar;C:\Program Files\apache-maven-3.6.1\mvn_resp\org\springframework\boot\spring-boot-test-autoconfigure\2.3.9.RELEASE\spring-boot-test-autoconfigure-2.3.9.RELEASE.jar;C:\Program Files\apache-maven-3.6.1\mvn_resp\com\jayway\jsonpath\json-path\2.4.0\json-path-2.4.0.jar;C:\Program Files\apache-maven-3.6.1\mvn_resp\net\minidev\json-smart\2.3\json-smart-2.3.jar;C:\Program Files\apache-maven-3.6.1\mvn_resp\net\minidev\accessors-smart\1.2\accessors-smart-1.2.jar;C:\Program Files\apache-maven-3.6.1\mvn_resp\org\ow2\asm\asm\5.0.4\asm-5.0.4.jar;C:\Program Files\apache-maven-3.6.1\mvn_resp\jakarta\xml\bind\jakarta.xml.bind-api\2.3.3\jakarta.xml.bind-api-2.3.3.jar;C:\Program Files\apache-maven-3.6.1\mvn_resp\jakarta\activation\jakarta.activation-api\1.2.2\jakarta.activation-api-1.2.2.jar;C:\Program Files\apache-maven-3.6.1\mvn_resp\org\assertj\assertj-core\3.16.1\assertj-core-3.16.1.jar;C:\Program Files\apache-maven-3.6.1\mvn_resp\org\hamcrest\hamcrest\2.2\hamcrest-2.2.jar;C:\Program Files\apache-maven-3.6.1\mvn_resp\org\junit\jupiter\junit-jupiter\5.6.3\junit-jupiter-5.6.3.jar;C:\Program Files\apache-maven-3.6.1\mvn_resp\org\junit\jupiter\junit-jupiter-api\5.6.3\junit-jupiter-api-5.6.3.jar;C:\Program Files\apache-maven-3.6.1\mvn_resp\org\opentest4j\opentest4j\1.2.0\opentest4j-1.2.0.jar;C:\Program Files\apache-maven-3.6.1\mvn_resp\org\junit\platform\junit-platform-commons\1.6.3\junit-platform-commons-1.6.3.jar;C:\Program Files\apache-maven-3.6.1\mvn_resp\org\junit\jupiter\junit-jupiter-params\5.6.3\junit-jupiter-params-5.6.3.jar;C:\Program Files\apache-maven-3.6.1\mvn_resp\org\junit\jupiter\junit-jupiter-engine\5.6.3\junit-jupiter-engine-5.6.3.jar;C:\Program Files\apache-maven-3.6.1\mvn_resp\org\junit\vintage\junit-vintage-engine\5.6.3\junit-vintage-engine-5.6.3.jar;C:\Program Files\apache-maven-3.6.1\mvn_resp\org\apiguardian\apiguardian-api\1.1.0\apiguardian-api-1.1.0.jar;C:\Program Files\apache-maven-3.6.1\mvn_resp\org\junit\platform\junit-platform-engine\1.6.3\junit-platform-engine-1.6.3.jar;C:\Program Files\apache-maven-3.6.1\mvn_resp\org\mockito\mockito-core\3.3.3\mockito-core-3.3.3.jar;C:\Program Files\apache-maven-3.6.1\mvn_resp\net\bytebuddy\byte-buddy\1.10.20\byte-buddy-1.10.20.jar;C:\Program Files\apache-maven-3.6.1\mvn_resp\net\bytebuddy\byte-buddy-agent\1.10.20\byte-buddy-agent-1.10.20.jar;C:\Program Files\apache-maven-3.6.1\mvn_resp\org\objenesis\objenesis\2.6\objenesis-2.6.jar;C:\Program Files\apache-maven-3.6.1\mvn_resp\org\mockito\mockito-junit-jupiter\3.3.3\mockito-junit-jupiter-3.3.3.jar;C:\Program Files\apache-maven-3.6.1\mvn_resp\org\skyscreamer\jsonassert\1.5.0\jsonassert-1.5.0.jar;C:\Program Files\apache-maven-3.6.1\mvn_resp\com\vaadin\external\google\android-json\0.0.20131108.vaadin1\android-json-0.0.20131108.vaadin1.jar;C:\Program Files\apache-maven-3.6.1\mvn_resp\org\springframework\spring-core\5.2.13.RELEASE\spring-core-5.2.13.RELEASE.jar;C:\Program Files\apache-maven-3.6.1\mvn_resp\org\springframework\spring-jcl\5.2.13.RELEASE\spring-jcl-5.2.13.RELEASE.jar;C:\Program Files\apache-maven-3.6.1\mvn_resp\org\springframework\spring-test\5.2.13.RELEASE\spring-test-5.2.13.RELEASE.jar;C:\Program Files\apache-maven-3.6.1\mvn_resp\org\xmlunit\xmlunit-core\2.7.0\xmlunit-core-2.7.0.jar;C:\Program Files\apache-maven-3.6.1\mvn_resp\cn\dev33\sa-token-spring-boot-starter\1.38.0\sa-token-spring-boot-starter-1.38.0.jar;C:\Program Files\apache-maven-3.6.1\mvn_resp\cn\dev33\sa-token-servlet\1.38.0\sa-token-servlet-1.38.0.jar;C:\Program Files\apache-maven-3.6.1\mvn_resp\cn\dev33\sa-token-core\1.38.0\sa-token-core-1.38.0.jar;C:\Program Files\apache-maven-3.6.1\mvn_resp\cn\dev33\sa-token-spring-boot-autoconfig\1.38.0\sa-token-spring-boot-autoconfig-1.38.0.jar;C:\Program Files\apache-maven-3.6.1\mvn_resp\org\springframework\boot\spring-boot-starter-log4j2\2.3.9.RELEASE\spring-boot-starter-log4j2-2.3.9.RELEASE.jar;C:\Program Files\apache-maven-3.6.1\mvn_resp\org\apache\logging\log4j\log4j-slf4j-impl\2.13.3\log4j-slf4j-impl-2.13.3.jar;C:\Program Files\apache-maven-3.6.1\mvn_resp\org\apache\logging\log4j\log4j-api\2.13.3\log4j-api-2.13.3.jar;C:\Program Files\apache-maven-3.6.1\mvn_resp\org\apache\logging\log4j\log4j-core\2.13.3\log4j-core-2.13.3.jar;C:\Program Files\apache-maven-3.6.1\mvn_resp\org\apache\logging\log4j\log4j-jul\2.13.3\log4j-jul-2.13.3.jar;C:\Program Files\apache-maven-3.6.1\mvn_resp\org\slf4j\jul-to-slf4j\1.7.30\jul-to-slf4j-1.7.30.jar;C:\Program Files\apache-maven-3.6.1\mvn_resp\org\projectlombok\lombok\1.18.8\lombok-1.18.8.jar;"/>
    <property name="java.vm.vendor" value="Amazon.com Inc."/>
    <property name="sun.arch.data.model" value="64"/>
    <property name="user.variant" value=""/>
    <property name="java.vendor.url" value="https://aws.amazon.com/corretto/"/>
    <property name="user.timezone" value="Asia/Shanghai"/>
    <property name="java.vm.specification.version" value="1.8"/>
    <property name="os.name" value="Windows 10"/>
    <property name="user.country" value="CN"/>
    <property name="sun.java.launcher" value="SUN_STANDARD"/>
    <property name="sun.boot.library.path" value="C:\Users\Administrator\.jdks\corretto-1.8.0_382\jre\bin"/>
    <property name="sun.java.command" value="C:\Users\Administrator\AppData\Local\Temp\surefire4043967839661525400\surefirebooter3283317589317641352.jar C:\Users\Administrator\AppData\Local\Temp\surefire4043967839661525400 2024-07-29T18-23-03_437-jvmRun1 surefire4936158003907625137tmp surefire_08430750788900294326tmp"/>
    <property name="surefire.test.class.path" value="C:\Users\Administrator\Desktop\项目\chenxu-leadnews\chenxu-leadnews-service\chenxu-leadnews-article\target\test-classes;C:\Users\Administrator\Desktop\项目\chenxu-leadnews\chenxu-leadnews-service\chenxu-leadnews-article\target\classes;C:\Program Files\apache-maven-3.6.1\mvn_resp\org\springframework\boot\spring-boot-starter-freemarker\2.3.9.RELEASE\spring-boot-starter-freemarker-2.3.9.RELEASE.jar;C:\Program Files\apache-maven-3.6.1\mvn_resp\org\springframework\boot\spring-boot-starter\2.3.9.RELEASE\spring-boot-starter-2.3.9.RELEASE.jar;C:\Program Files\apache-maven-3.6.1\mvn_resp\org\springframework\boot\spring-boot\2.3.9.RELEASE\spring-boot-2.3.9.RELEASE.jar;C:\Program Files\apache-maven-3.6.1\mvn_resp\jakarta\annotation\jakarta.annotation-api\1.3.5\jakarta.annotation-api-1.3.5.jar;C:\Program Files\apache-maven-3.6.1\mvn_resp\org\yaml\snakeyaml\1.26\snakeyaml-1.26.jar;C:\Program Files\apache-maven-3.6.1\mvn_resp\org\freemarker\freemarker\2.3.31\freemarker-2.3.31.jar;C:\Program Files\apache-maven-3.6.1\mvn_resp\org\springframework\spring-context-support\5.2.13.RELEASE\spring-context-support-5.2.13.RELEASE.jar;C:\Program Files\apache-maven-3.6.1\mvn_resp\org\springframework\spring-beans\5.2.13.RELEASE\spring-beans-5.2.13.RELEASE.jar;C:\Program Files\apache-maven-3.6.1\mvn_resp\org\springframework\spring-context\5.2.13.RELEASE\spring-context-5.2.13.RELEASE.jar;C:\Users\Administrator\Desktop\项目\chenxu-leadnews\chenxu-leadnews-basic\chenxu-file-starter\target\classes;C:\Program Files\apache-maven-3.6.1\mvn_resp\org\springframework\boot\spring-boot-autoconfigure\2.3.9.RELEASE\spring-boot-autoconfigure-2.3.9.RELEASE.jar;C:\Program Files\apache-maven-3.6.1\mvn_resp\io\minio\minio\7.1.0\minio-7.1.0.jar;C:\Program Files\apache-maven-3.6.1\mvn_resp\com\carrotsearch\thirdparty\simple-xml-safe\2.7.1\simple-xml-safe-2.7.1.jar;C:\Program Files\apache-maven-3.6.1\mvn_resp\com\google\guava\guava\29.0-jre\guava-29.0-jre.jar;C:\Program Files\apache-maven-3.6.1\mvn_resp\com\google\guava\failureaccess\1.0.1\failureaccess-1.0.1.jar;C:\Program Files\apache-maven-3.6.1\mvn_resp\com\google\guava\listenablefuture\9999.0-empty-to-avoid-conflict-with-guava\listenablefuture-9999.0-empty-to-avoid-conflict-with-guava.jar;C:\Program Files\apache-maven-3.6.1\mvn_resp\org\checkerframework\checker-qual\2.11.1\checker-qual-2.11.1.jar;C:\Program Files\apache-maven-3.6.1\mvn_resp\com\google\errorprone\error_prone_annotations\2.3.4\error_prone_annotations-2.3.4.jar;C:\Program Files\apache-maven-3.6.1\mvn_resp\com\google\j2objc\j2objc-annotations\1.3\j2objc-annotations-1.3.jar;C:\Program Files\apache-maven-3.6.1\mvn_resp\com\squareup\okhttp3\okhttp\3.14.9\okhttp-3.14.9.jar;C:\Program Files\apache-maven-3.6.1\mvn_resp\com\squareup\okio\okio\1.17.2\okio-1.17.2.jar;C:\Program Files\apache-maven-3.6.1\mvn_resp\com\fasterxml\jackson\core\jackson-annotations\2.11.4\jackson-annotations-2.11.4.jar;C:\Program Files\apache-maven-3.6.1\mvn_resp\com\fasterxml\jackson\core\jackson-core\2.11.4\jackson-core-2.11.4.jar;C:\Program Files\apache-maven-3.6.1\mvn_resp\com\fasterxml\jackson\core\jackson-databind\2.11.4\jackson-databind-2.11.4.jar;C:\Program Files\apache-maven-3.6.1\mvn_resp\com\github\spotbugs\spotbugs-annotations\4.0.0\spotbugs-annotations-4.0.0.jar;C:\Program Files\apache-maven-3.6.1\mvn_resp\net\jcip\jcip-annotations\1.0\jcip-annotations-1.0.jar;C:\Program Files\apache-maven-3.6.1\mvn_resp\com\google\code\findbugs\jsr305\3.0.2\jsr305-3.0.2.jar;C:\Program Files\apache-maven-3.6.1\mvn_resp\org\springframework\boot\spring-boot-starter-actuator\2.3.9.RELEASE\spring-boot-starter-actuator-2.3.9.RELEASE.jar;C:\Program Files\apache-maven-3.6.1\mvn_resp\org\springframework\boot\spring-boot-actuator-autoconfigure\2.3.9.RELEASE\spring-boot-actuator-autoconfigure-2.3.9.RELEASE.jar;C:\Program Files\apache-maven-3.6.1\mvn_resp\org\springframework\boot\spring-boot-actuator\2.3.9.RELEASE\spring-boot-actuator-2.3.9.RELEASE.jar;C:\Program Files\apache-maven-3.6.1\mvn_resp\io\micrometer\micrometer-core\1.5.11\micrometer-core-1.5.11.jar;C:\Program Files\apache-maven-3.6.1\mvn_resp\org\hdrhistogram\HdrHistogram\2.1.12\HdrHistogram-2.1.12.jar;C:\Program Files\apache-maven-3.6.1\mvn_resp\org\latencyutils\LatencyUtils\2.0.3\LatencyUtils-2.0.3.jar;C:\Program Files\apache-maven-3.6.1\mvn_resp\org\springframework\cloud\spring-cloud-starter-netflix-eureka-client\2.2.7.RELEASE\spring-cloud-starter-netflix-eureka-client-2.2.7.RELEASE.jar;C:\Program Files\apache-maven-3.6.1\mvn_resp\org\springframework\cloud\spring-cloud-starter\2.2.7.RELEASE\spring-cloud-starter-2.2.7.RELEASE.jar;C:\Program Files\apache-maven-3.6.1\mvn_resp\org\springframework\cloud\spring-cloud-context\2.2.7.RELEASE\spring-cloud-context-2.2.7.RELEASE.jar;C:\Program Files\apache-maven-3.6.1\mvn_resp\org\springframework\security\spring-security-crypto\5.3.8.RELEASE\spring-security-crypto-5.3.8.RELEASE.jar;C:\Program Files\apache-maven-3.6.1\mvn_resp\org\springframework\cloud\spring-cloud-commons\2.2.7.RELEASE\spring-cloud-commons-2.2.7.RELEASE.jar;C:\Program Files\apache-maven-3.6.1\mvn_resp\org\springframework\security\spring-security-rsa\1.0.9.RELEASE\spring-security-rsa-1.0.9.RELEASE.jar;C:\Program Files\apache-maven-3.6.1\mvn_resp\org\bouncycastle\bcpkix-jdk15on\1.64\bcpkix-jdk15on-1.64.jar;C:\Program Files\apache-maven-3.6.1\mvn_resp\org\bouncycastle\bcprov-jdk15on\1.64\bcprov-jdk15on-1.64.jar;C:\Program Files\apache-maven-3.6.1\mvn_resp\org\springframework\cloud\spring-cloud-netflix-hystrix\2.2.7.RELEASE\spring-cloud-netflix-hystrix-2.2.7.RELEASE.jar;C:\Program Files\apache-maven-3.6.1\mvn_resp\org\springframework\boot\spring-boot-starter-aop\2.3.9.RELEASE\spring-boot-starter-aop-2.3.9.RELEASE.jar;C:\Program Files\apache-maven-3.6.1\mvn_resp\org\aspectj\aspectjweaver\1.9.6\aspectjweaver-1.9.6.jar;C:\Program Files\apache-maven-3.6.1\mvn_resp\org\springframework\cloud\spring-cloud-netflix-eureka-client\2.2.7.RELEASE\spring-cloud-netflix-eureka-client-2.2.7.RELEASE.jar;C:\Program Files\apache-maven-3.6.1\mvn_resp\com\netflix\eureka\eureka-client\1.10.11\eureka-client-1.10.11.jar;C:\Program Files\apache-maven-3.6.1\mvn_resp\com\netflix\netflix-commons\netflix-eventbus\0.3.0\netflix-eventbus-0.3.0.jar;C:\Program Files\apache-maven-3.6.1\mvn_resp\com\netflix\netflix-commons\netflix-infix\0.3.0\netflix-infix-0.3.0.jar;C:\Program Files\apache-maven-3.6.1\mvn_resp\commons-jxpath\commons-jxpath\1.3\commons-jxpath-1.3.jar;C:\Program Files\apache-maven-3.6.1\mvn_resp\org\antlr\antlr-runtime\3.4\antlr-runtime-3.4.jar;C:\Program Files\apache-maven-3.6.1\mvn_resp\org\antlr\stringtemplate\3.2.1\stringtemplate-3.2.1.jar;C:\Program Files\apache-maven-3.6.1\mvn_resp\antlr\antlr\2.7.7\antlr-2.7.7.jar;C:\Program Files\apache-maven-3.6.1\mvn_resp\org\apache\commons\commons-math\2.2\commons-math-2.2.jar;C:\Program Files\apache-maven-3.6.1\mvn_resp\com\thoughtworks\xstream\xstream\1.4.14\xstream-1.4.14.jar;C:\Program Files\apache-maven-3.6.1\mvn_resp\xmlpull\xmlpull\1.1.3.1\xmlpull-1.1.3.1.jar;C:\Program Files\apache-maven-3.6.1\mvn_resp\xpp3\xpp3_min\1.1.4c\xpp3_min-1.1.4c.jar;C:\Program Files\apache-maven-3.6.1\mvn_resp\com\netflix\archaius\archaius-core\0.7.7\archaius-core-0.7.7.jar;C:\Program Files\apache-maven-3.6.1\mvn_resp\javax\ws\rs\jsr311-api\1.1.1\jsr311-api-1.1.1.jar;C:\Program Files\apache-maven-3.6.1\mvn_resp\com\netflix\servo\servo-core\0.12.21\servo-core-0.12.21.jar;C:\Program Files\apache-maven-3.6.1\mvn_resp\com\sun\jersey\jersey-core\1.19.1\jersey-core-1.19.1.jar;C:\Program Files\apache-maven-3.6.1\mvn_resp\com\sun\jersey\jersey-client\1.19.1\jersey-client-1.19.1.jar;C:\Program Files\apache-maven-3.6.1\mvn_resp\com\sun\jersey\contribs\jersey-apache-client4\1.19.1\jersey-apache-client4-1.19.1.jar;C:\Program Files\apache-maven-3.6.1\mvn_resp\org\apache\httpcomponents\httpclient\4.5.13\httpclient-4.5.13.jar;C:\Program Files\apache-maven-3.6.1\mvn_resp\org\apache\httpcomponents\httpcore\4.4.14\httpcore-4.4.14.jar;C:\Program Files\apache-maven-3.6.1\mvn_resp\commons-configuration\commons-configuration\1.10\commons-configuration-1.10.jar;C:\Program Files\apache-maven-3.6.1\mvn_resp\commons-lang\commons-lang\2.6\commons-lang-2.6.jar;C:\Program Files\apache-maven-3.6.1\mvn_resp\com\google\inject\guice\4.1.0\guice-4.1.0.jar;C:\Program Files\apache-maven-3.6.1\mvn_resp\javax\inject\javax.inject\1\javax.inject-1.jar;C:\Program Files\apache-maven-3.6.1\mvn_resp\aopalliance\aopalliance\1.0\aopalliance-1.0.jar;C:\Program Files\apache-maven-3.6.1\mvn_resp\org\codehaus\jettison\jettison\1.4.0\jettison-1.4.0.jar;C:\Program Files\apache-maven-3.6.1\mvn_resp\com\netflix\eureka\eureka-core\1.10.11\eureka-core-1.10.11.jar;C:\Program Files\apache-maven-3.6.1\mvn_resp\com\fasterxml\woodstox\woodstox-core\5.3.0\woodstox-core-5.3.0.jar;C:\Program Files\apache-maven-3.6.1\mvn_resp\org\codehaus\woodstox\stax2-api\4.2\stax2-api-4.2.jar;C:\Program Files\apache-maven-3.6.1\mvn_resp\org\springframework\cloud\spring-cloud-starter-netflix-archaius\2.2.7.RELEASE\spring-cloud-starter-netflix-archaius-2.2.7.RELEASE.jar;C:\Program Files\apache-maven-3.6.1\mvn_resp\org\springframework\cloud\spring-cloud-netflix-ribbon\2.2.7.RELEASE\spring-cloud-netflix-ribbon-2.2.7.RELEASE.jar;C:\Program Files\apache-maven-3.6.1\mvn_resp\org\springframework\cloud\spring-cloud-netflix-archaius\2.2.7.RELEASE\spring-cloud-netflix-archaius-2.2.7.RELEASE.jar;C:\Program Files\apache-maven-3.6.1\mvn_resp\org\springframework\cloud\spring-cloud-starter-netflix-ribbon\2.2.7.RELEASE\spring-cloud-starter-netflix-ribbon-2.2.7.RELEASE.jar;C:\Program Files\apache-maven-3.6.1\mvn_resp\com\netflix\ribbon\ribbon\2.3.0\ribbon-2.3.0.jar;C:\Program Files\apache-maven-3.6.1\mvn_resp\com\netflix\ribbon\ribbon-transport\2.3.0\ribbon-transport-2.3.0.jar;C:\Program Files\apache-maven-3.6.1\mvn_resp\io\reactivex\rxnetty-contexts\0.4.9\rxnetty-contexts-0.4.9.jar;C:\Program Files\apache-maven-3.6.1\mvn_resp\io\reactivex\rxnetty-servo\0.4.9\rxnetty-servo-0.4.9.jar;C:\Program Files\apache-maven-3.6.1\mvn_resp\com\netflix\hystrix\hystrix-core\1.5.18\hystrix-core-1.5.18.jar;C:\Program Files\apache-maven-3.6.1\mvn_resp\io\reactivex\rxnetty\0.4.9\rxnetty-0.4.9.jar;C:\Program Files\apache-maven-3.6.1\mvn_resp\com\netflix\ribbon\ribbon-core\2.3.0\ribbon-core-2.3.0.jar;C:\Program Files\apache-maven-3.6.1\mvn_resp\com\netflix\ribbon\ribbon-httpclient\2.3.0\ribbon-httpclient-2.3.0.jar;C:\Program Files\apache-maven-3.6.1\mvn_resp\commons-collections\commons-collections\3.2.2\commons-collections-3.2.2.jar;C:\Program Files\apache-maven-3.6.1\mvn_resp\com\netflix\netflix-commons\netflix-commons-util\0.3.0\netflix-commons-util-0.3.0.jar;C:\Program Files\apache-maven-3.6.1\mvn_resp\com\netflix\ribbon\ribbon-loadbalancer\2.3.0\ribbon-loadbalancer-2.3.0.jar;C:\Program Files\apache-maven-3.6.1\mvn_resp\com\netflix\netflix-commons\netflix-statistics\0.1.1\netflix-statistics-0.1.1.jar;C:\Program Files\apache-maven-3.6.1\mvn_resp\io\reactivex\rxjava\1.3.8\rxjava-1.3.8.jar;C:\Program Files\apache-maven-3.6.1\mvn_resp\org\springframework\cloud\spring-cloud-starter-loadbalancer\2.2.7.RELEASE\spring-cloud-starter-loadbalancer-2.2.7.RELEASE.jar;C:\Program Files\apache-maven-3.6.1\mvn_resp\org\springframework\cloud\spring-cloud-loadbalancer\2.2.7.RELEASE\spring-cloud-loadbalancer-2.2.7.RELEASE.jar;C:\Program Files\apache-maven-3.6.1\mvn_resp\org\springframework\boot\spring-boot-starter-validation\2.3.9.RELEASE\spring-boot-starter-validation-2.3.9.RELEASE.jar;C:\Program Files\apache-maven-3.6.1\mvn_resp\io\projectreactor\reactor-core\3.3.14.RELEASE\reactor-core-3.3.14.RELEASE.jar;C:\Program Files\apache-maven-3.6.1\mvn_resp\org\reactivestreams\reactive-streams\1.0.3\reactive-streams-1.0.3.jar;C:\Program Files\apache-maven-3.6.1\mvn_resp\io\projectreactor\addons\reactor-extra\3.3.5.RELEASE\reactor-extra-3.3.5.RELEASE.jar;C:\Program Files\apache-maven-3.6.1\mvn_resp\com\stoyanr\evictor\1.0.0\evictor-1.0.0.jar;C:\Program Files\apache-maven-3.6.1\mvn_resp\com\netflix\ribbon\ribbon-eureka\2.3.0\ribbon-eureka-2.3.0.jar;C:\Program Files\apache-maven-3.6.1\mvn_resp\org\slf4j\slf4j-api\1.7.30\slf4j-api-1.7.30.jar;C:\Users\Administrator\Desktop\项目\chenxu-leadnews\chenxu-leadnews-model\target\classes;C:\Program Files\apache-maven-3.6.1\mvn_resp\mysql\mysql-connector-java\5.1.46\mysql-connector-java-5.1.46.jar;C:\Program Files\apache-maven-3.6.1\mvn_resp\org\mybatis\mybatis\3.5.1\mybatis-3.5.1.jar;C:\Program Files\apache-maven-3.6.1\mvn_resp\org\apache\commons\commons-lang3\3.5\commons-lang3-3.5.jar;C:\Program Files\apache-maven-3.6.1\mvn_resp\com\baomidou\mybatis-plus-boot-starter\3.4.1\mybatis-plus-boot-starter-3.4.1.jar;C:\Program Files\apache-maven-3.6.1\mvn_resp\com\baomidou\mybatis-plus\3.4.1\mybatis-plus-3.4.1.jar;C:\Program Files\apache-maven-3.6.1\mvn_resp\com\baomidou\mybatis-plus-extension\3.4.1\mybatis-plus-extension-3.4.1.jar;C:\Program Files\apache-maven-3.6.1\mvn_resp\com\baomidou\mybatis-plus-core\3.4.1\mybatis-plus-core-3.4.1.jar;C:\Program Files\apache-maven-3.6.1\mvn_resp\com\baomidou\mybatis-plus-annotation\3.4.1\mybatis-plus-annotation-3.4.1.jar;C:\Program Files\apache-maven-3.6.1\mvn_resp\com\github\jsqlparser\jsqlparser\3.2\jsqlparser-3.2.jar;C:\Program Files\apache-maven-3.6.1\mvn_resp\org\mybatis\mybatis-spring\2.0.1\mybatis-spring-2.0.1.jar;C:\Program Files\apache-maven-3.6.1\mvn_resp\org\springframework\boot\spring-boot-starter-jdbc\2.3.9.RELEASE\spring-boot-starter-jdbc-2.3.9.RELEASE.jar;C:\Program Files\apache-maven-3.6.1\mvn_resp\com\zaxxer\HikariCP\3.4.5\HikariCP-3.4.5.jar;C:\Program Files\apache-maven-3.6.1\mvn_resp\org\springframework\spring-jdbc\5.2.13.RELEASE\spring-jdbc-5.2.13.RELEASE.jar;C:\Program Files\apache-maven-3.6.1\mvn_resp\com\alibaba\fastjson\1.2.58\fastjson-1.2.58.jar;C:\Program Files\apache-maven-3.6.1\mvn_resp\io\springfox\springfox-swagger2\2.9.2\springfox-swagger2-2.9.2.jar;C:\Program Files\apache-maven-3.6.1\mvn_resp\io\swagger\swagger-annotations\1.5.20\swagger-annotations-1.5.20.jar;C:\Program Files\apache-maven-3.6.1\mvn_resp\io\swagger\swagger-models\1.5.20\swagger-models-1.5.20.jar;C:\Program Files\apache-maven-3.6.1\mvn_resp\io\springfox\springfox-spi\2.9.2\springfox-spi-2.9.2.jar;C:\Program Files\apache-maven-3.6.1\mvn_resp\io\springfox\springfox-core\2.9.2\springfox-core-2.9.2.jar;C:\Program Files\apache-maven-3.6.1\mvn_resp\io\springfox\springfox-schema\2.9.2\springfox-schema-2.9.2.jar;C:\Program Files\apache-maven-3.6.1\mvn_resp\io\springfox\springfox-swagger-common\2.9.2\springfox-swagger-common-2.9.2.jar;C:\Program Files\apache-maven-3.6.1\mvn_resp\io\springfox\springfox-spring-web\2.9.2\springfox-spring-web-2.9.2.jar;C:\Program Files\apache-maven-3.6.1\mvn_resp\com\fasterxml\classmate\1.5.1\classmate-1.5.1.jar;C:\Program Files\apache-maven-3.6.1\mvn_resp\org\springframework\plugin\spring-plugin-core\1.2.0.RELEASE\spring-plugin-core-1.2.0.RELEASE.jar;C:\Program Files\apache-maven-3.6.1\mvn_resp\org\springframework\plugin\spring-plugin-metadata\1.2.0.RELEASE\spring-plugin-metadata-1.2.0.RELEASE.jar;C:\Program Files\apache-maven-3.6.1\mvn_resp\org\mapstruct\mapstruct\1.2.0.Final\mapstruct-1.2.0.Final.jar;C:\Program Files\apache-maven-3.6.1\mvn_resp\io\springfox\springfox-swagger-ui\2.9.2\springfox-swagger-ui-2.9.2.jar;C:\Users\Administrator\Desktop\项目\chenxu-leadnews\chenxu-leadnews-common\target\classes;C:\Users\Administrator\Desktop\项目\chenxu-leadnews\chenxu-leadnews-utils\target\classes;C:\Program Files\apache-maven-3.6.1\mvn_resp\commons-codec\commons-codec\1.12\commons-codec-1.12.jar;C:\Program Files\apache-maven-3.6.1\mvn_resp\io\jsonwebtoken\jjwt\0.9.1\jjwt-0.9.1.jar;C:\Program Files\apache-maven-3.6.1\mvn_resp\com\hankcs\hanlp\portable-1.3.4\hanlp-portable-1.3.4.jar;C:\Program Files\apache-maven-3.6.1\mvn_resp\commons-beanutils\commons-beanutils\1.9.3\commons-beanutils-1.9.3.jar;C:\Program Files\apache-maven-3.6.1\mvn_resp\commons-logging\commons-logging\1.2\commons-logging-1.2.jar;C:\Program Files\apache-maven-3.6.1\mvn_resp\io\protostuff\protostuff-core\1.6.0\protostuff-core-1.6.0.jar;C:\Program Files\apache-maven-3.6.1\mvn_resp\io\protostuff\protostuff-api\1.6.0\protostuff-api-1.6.0.jar;C:\Program Files\apache-maven-3.6.1\mvn_resp\io\protostuff\protostuff-runtime\1.6.0\protostuff-runtime-1.6.0.jar;C:\Program Files\apache-maven-3.6.1\mvn_resp\io\protostuff\protostuff-collectionschema\1.6.0\protostuff-collectionschema-1.6.0.jar;C:\Program Files\apache-maven-3.6.1\mvn_resp\org\reflections\reflections\0.9.11\reflections-0.9.11.jar;C:\Program Files\apache-maven-3.6.1\mvn_resp\org\javassist\javassist\3.21.0-GA\javassist-3.21.0-GA.jar;C:\Program Files\apache-maven-3.6.1\mvn_resp\org\springframework\boot\spring-boot-test\2.3.9.RELEASE\spring-boot-test-2.3.9.RELEASE.jar;C:\Program Files\apache-maven-3.6.1\mvn_resp\org\springframework\boot\spring-boot-starter-data-redis\2.3.9.RELEASE\spring-boot-starter-data-redis-2.3.9.RELEASE.jar;C:\Program Files\apache-maven-3.6.1\mvn_resp\org\springframework\data\spring-data-redis\2.3.7.RELEASE\spring-data-redis-2.3.7.RELEASE.jar;C:\Program Files\apache-maven-3.6.1\mvn_resp\org\springframework\data\spring-data-keyvalue\2.3.7.RELEASE\spring-data-keyvalue-2.3.7.RELEASE.jar;C:\Program Files\apache-maven-3.6.1\mvn_resp\org\springframework\data\spring-data-commons\2.3.7.RELEASE\spring-data-commons-2.3.7.RELEASE.jar;C:\Program Files\apache-maven-3.6.1\mvn_resp\org\springframework\spring-oxm\5.2.13.RELEASE\spring-oxm-5.2.13.RELEASE.jar;C:\Program Files\apache-maven-3.6.1\mvn_resp\io\lettuce\lettuce-core\5.3.6.RELEASE\lettuce-core-5.3.6.RELEASE.jar;C:\Program Files\apache-maven-3.6.1\mvn_resp\io\netty\netty-common\4.1.59.Final\netty-common-4.1.59.Final.jar;C:\Program Files\apache-maven-3.6.1\mvn_resp\io\netty\netty-handler\4.1.59.Final\netty-handler-4.1.59.Final.jar;C:\Program Files\apache-maven-3.6.1\mvn_resp\io\netty\netty-resolver\4.1.59.Final\netty-resolver-4.1.59.Final.jar;C:\Program Files\apache-maven-3.6.1\mvn_resp\io\netty\netty-buffer\4.1.59.Final\netty-buffer-4.1.59.Final.jar;C:\Program Files\apache-maven-3.6.1\mvn_resp\io\netty\netty-codec\4.1.59.Final\netty-codec-4.1.59.Final.jar;C:\Program Files\apache-maven-3.6.1\mvn_resp\io\netty\netty-transport\4.1.59.Final\netty-transport-4.1.59.Final.jar;C:\Program Files\apache-maven-3.6.1\mvn_resp\org\apache\commons\commons-pool2\2.8.1\commons-pool2-2.8.1.jar;C:\Program Files\apache-maven-3.6.1\mvn_resp\org\springframework\boot\spring-boot-starter-cache\2.3.9.RELEASE\spring-boot-starter-cache-2.3.9.RELEASE.jar;C:\Program Files\apache-maven-3.6.1\mvn_resp\com\github\tobato\fastdfs-client\1.26.5\fastdfs-client-1.26.5.jar;C:\Program Files\apache-maven-3.6.1\mvn_resp\org\slf4j\jcl-over-slf4j\1.7.30\jcl-over-slf4j-1.7.30.jar;C:\Program Files\apache-maven-3.6.1\mvn_resp\ch\qos\logback\logback-classic\1.2.3\logback-classic-1.2.3.jar;C:\Program Files\apache-maven-3.6.1\mvn_resp\ch\qos\logback\logback-core\1.2.3\logback-core-1.2.3.jar;C:\Program Files\apache-maven-3.6.1\mvn_resp\commons-io\commons-io\2.6\commons-io-2.6.jar;C:\Program Files\apache-maven-3.6.1\mvn_resp\org\hibernate\validator\hibernate-validator\6.1.7.Final\hibernate-validator-6.1.7.Final.jar;C:\Program Files\apache-maven-3.6.1\mvn_resp\jakarta\validation\jakarta.validation-api\2.0.2\jakarta.validation-api-2.0.2.jar;C:\Program Files\apache-maven-3.6.1\mvn_resp\org\jboss\logging\jboss-logging\3.4.1.Final\jboss-logging-3.4.1.Final.jar;C:\Program Files\apache-maven-3.6.1\mvn_resp\net\coobird\thumbnailator\0.4.8\thumbnailator-0.4.8.jar;C:\Program Files\apache-maven-3.6.1\mvn_resp\org\springframework\kafka\spring-kafka\2.6.6\spring-kafka-2.6.6.jar;C:\Program Files\apache-maven-3.6.1\mvn_resp\org\springframework\spring-messaging\5.2.13.RELEASE\spring-messaging-5.2.13.RELEASE.jar;C:\Program Files\apache-maven-3.6.1\mvn_resp\org\springframework\spring-tx\5.2.13.RELEASE\spring-tx-5.2.13.RELEASE.jar;C:\Program Files\apache-maven-3.6.1\mvn_resp\org\springframework\retry\spring-retry\1.2.5.RELEASE\spring-retry-1.2.5.RELEASE.jar;C:\Program Files\apache-maven-3.6.1\mvn_resp\org\apache\kafka\kafka-clients\2.5.1\kafka-clients-2.5.1.jar;C:\Program Files\apache-maven-3.6.1\mvn_resp\com\github\luben\zstd-jni\1.4.4-7\zstd-jni-1.4.4-7.jar;C:\Program Files\apache-maven-3.6.1\mvn_resp\org\lz4\lz4-java\1.7.1\lz4-java-1.7.1.jar;C:\Program Files\apache-maven-3.6.1\mvn_resp\org\xerial\snappy\snappy-java\1.1.7.3\snappy-java-1.1.7.3.jar;C:\Program Files\apache-maven-3.6.1\mvn_resp\org\apache\kafka\kafka-streams\2.5.1\kafka-streams-2.5.1.jar;C:\Program Files\apache-maven-3.6.1\mvn_resp\org\rocksdb\rocksdbjni\5.18.3\rocksdbjni-5.18.3.jar;C:\Program Files\apache-maven-3.6.1\mvn_resp\com\aliyun\aliyun-java-sdk-core\4.1.1\aliyun-java-sdk-core-4.1.1.jar;C:\Program Files\apache-maven-3.6.1\mvn_resp\com\google\code\gson\gson\2.8.6\gson-2.8.6.jar;C:\Program Files\apache-maven-3.6.1\mvn_resp\javax\xml\bind\jaxb-api\2.3.1\jaxb-api-2.3.1.jar;C:\Program Files\apache-maven-3.6.1\mvn_resp\javax\activation\javax.activation-api\1.2.0\javax.activation-api-1.2.0.jar;C:\Program Files\apache-maven-3.6.1\mvn_resp\com\sun\xml\bind\jaxb-core\2.1.14\jaxb-core-2.1.14.jar;C:\Program Files\apache-maven-3.6.1\mvn_resp\com\sun\xml\bind\jaxb-impl\2.1\jaxb-impl-2.1.jar;C:\Program Files\apache-maven-3.6.1\mvn_resp\javax\activation\activation\1.1.1\activation-1.1.1.jar;C:\Program Files\apache-maven-3.6.1\mvn_resp\com\aliyun\aliyun-java-sdk-green\3.4.1\aliyun-java-sdk-green-3.4.1.jar;C:\Program Files\apache-maven-3.6.1\mvn_resp\com\aliyun\oss\aliyun-sdk-oss\2.8.3\aliyun-sdk-oss-2.8.3.jar;C:\Program Files\apache-maven-3.6.1\mvn_resp\org\jdom\jdom\1.1\jdom-1.1.jar;C:\Program Files\apache-maven-3.6.1\mvn_resp\org\apache\hbase\hbase-client\2.1.5\hbase-client-2.1.5.jar;C:\Program Files\apache-maven-3.6.1\mvn_resp\org\apache\hbase\thirdparty\hbase-shaded-protobuf\2.1.0\hbase-shaded-protobuf-2.1.0.jar;C:\Program Files\apache-maven-3.6.1\mvn_resp\org\apache\hbase\hbase-common\2.1.5\hbase-common-2.1.5.jar;C:\Program Files\apache-maven-3.6.1\mvn_resp\com\github\stephenc\findbugs\findbugs-annotations\1.3.9-1\findbugs-annotations-1.3.9-1.jar;C:\Program Files\apache-maven-3.6.1\mvn_resp\org\apache\hbase\hbase-hadoop-compat\2.1.5\hbase-hadoop-compat-2.1.5.jar;C:\Program Files\apache-maven-3.6.1\mvn_resp\org\apache\hbase\hbase-metrics-api\2.1.5\hbase-metrics-api-2.1.5.jar;C:\Program Files\apache-maven-3.6.1\mvn_resp\org\apache\hbase\hbase-hadoop2-compat\2.1.5\hbase-hadoop2-compat-2.1.5.jar;C:\Program Files\apache-maven-3.6.1\mvn_resp\org\apache\hbase\hbase-metrics\2.1.5\hbase-metrics-2.1.5.jar;C:\Program Files\apache-maven-3.6.1\mvn_resp\org\apache\hbase\hbase-protocol-shaded\2.1.5\hbase-protocol-shaded-2.1.5.jar;C:\Program Files\apache-maven-3.6.1\mvn_resp\org\apache\hbase\hbase-protocol\2.1.5\hbase-protocol-2.1.5.jar;C:\Program Files\apache-maven-3.6.1\mvn_resp\org\apache\hbase\thirdparty\hbase-shaded-miscellaneous\2.1.0\hbase-shaded-miscellaneous-2.1.0.jar;C:\Program Files\apache-maven-3.6.1\mvn_resp\com\google\protobuf\protobuf-java\3.13.0\protobuf-java-3.13.0.jar;C:\Program Files\apache-maven-3.6.1\mvn_resp\org\apache\hbase\thirdparty\hbase-shaded-netty\2.1.0\hbase-shaded-netty-2.1.0.jar;C:\Program Files\apache-maven-3.6.1\mvn_resp\org\apache\zookeeper\zookeeper\3.4.10\zookeeper-3.4.10.jar;C:\Program Files\apache-maven-3.6.1\mvn_resp\org\apache\htrace\htrace-core4\4.2.0-incubating\htrace-core4-4.2.0-incubating.jar;C:\Program Files\apache-maven-3.6.1\mvn_resp\org\jruby\jcodings\jcodings\1.0.18\jcodings-1.0.18.jar;C:\Program Files\apache-maven-3.6.1\mvn_resp\org\jruby\joni\joni\2.1.11\joni-2.1.11.jar;C:\Program Files\apache-maven-3.6.1\mvn_resp\io\dropwizard\metrics\metrics-core\4.1.17\metrics-core-4.1.17.jar;C:\Program Files\apache-maven-3.6.1\mvn_resp\org\apache\commons\commons-crypto\1.0.0\commons-crypto-1.0.0.jar;C:\Program Files\apache-maven-3.6.1\mvn_resp\org\apache\hadoop\hadoop-auth\2.7.7\hadoop-auth-2.7.7.jar;C:\Program Files\apache-maven-3.6.1\mvn_resp\org\apache\directory\server\apacheds-kerberos-codec\2.0.0-M15\apacheds-kerberos-codec-2.0.0-M15.jar;C:\Program Files\apache-maven-3.6.1\mvn_resp\org\apache\directory\server\apacheds-i18n\2.0.0-M15\apacheds-i18n-2.0.0-M15.jar;C:\Program Files\apache-maven-3.6.1\mvn_resp\org\apache\directory\api\api-asn1-api\1.0.0-M20\api-asn1-api-1.0.0-M20.jar;C:\Program Files\apache-maven-3.6.1\mvn_resp\org\apache\directory\api\api-util\1.0.0-M20\api-util-1.0.0-M20.jar;C:\Program Files\apache-maven-3.6.1\mvn_resp\org\apache\curator\curator-framework\4.2.0\curator-framework-4.2.0.jar;C:\Program Files\apache-maven-3.6.1\mvn_resp\org\apache\hadoop\hadoop-common\2.7.7\hadoop-common-2.7.7.jar;C:\Program Files\apache-maven-3.6.1\mvn_resp\org\apache\hadoop\hadoop-annotations\2.7.7\hadoop-annotations-2.7.7.jar;C:\Users\Administrator\.jdks\corretto-1.8.0_382\jre\..\lib\tools.jar;C:\Program Files\apache-maven-3.6.1\mvn_resp\commons-cli\commons-cli\1.2\commons-cli-1.2.jar;C:\Program Files\apache-maven-3.6.1\mvn_resp\org\apache\commons\commons-math3\3.1.1\commons-math3-3.1.1.jar;C:\Program Files\apache-maven-3.6.1\mvn_resp\xmlenc\xmlenc\0.52\xmlenc-0.52.jar;C:\Program Files\apache-maven-3.6.1\mvn_resp\commons-httpclient\commons-httpclient\3.1\commons-httpclient-3.1.jar;C:\Program Files\apache-maven-3.6.1\mvn_resp\commons-net\commons-net\3.1\commons-net-3.1.jar;C:\Program Files\apache-maven-3.6.1\mvn_resp\org\mortbay\jetty\jetty-sslengine\6.1.26\jetty-sslengine-6.1.26.jar;C:\Program Files\apache-maven-3.6.1\mvn_resp\org\codehaus\jackson\jackson-core-asl\1.9.13\jackson-core-asl-1.9.13.jar;C:\Program Files\apache-maven-3.6.1\mvn_resp\org\codehaus\jackson\jackson-mapper-asl\1.9.13\jackson-mapper-asl-1.9.13.jar;C:\Program Files\apache-maven-3.6.1\mvn_resp\org\apache\avro\avro\1.7.4\avro-1.7.4.jar;C:\Program Files\apache-maven-3.6.1\mvn_resp\com\thoughtworks\paranamer\paranamer\2.3\paranamer-2.3.jar;C:\Program Files\apache-maven-3.6.1\mvn_resp\com\jcraft\jsch\0.1.54\jsch-0.1.54.jar;C:\Program Files\apache-maven-3.6.1\mvn_resp\org\apache\curator\curator-client\2.7.1\curator-client-2.7.1.jar;C:\Program Files\apache-maven-3.6.1\mvn_resp\org\apache\curator\curator-recipes\4.2.0\curator-recipes-4.2.0.jar;C:\Program Files\apache-maven-3.6.1\mvn_resp\org\apache\htrace\htrace-core\3.1.0-incubating\htrace-core-3.1.0-incubating.jar;C:\Program Files\apache-maven-3.6.1\mvn_resp\org\apache\commons\commons-compress\1.4.1\commons-compress-1.4.1.jar;C:\Program Files\apache-maven-3.6.1\mvn_resp\org\tukaani\xz\1.0\xz-1.0.jar;C:\Program Files\apache-maven-3.6.1\mvn_resp\org\apache\yetus\audience-annotations\0.5.0\audience-annotations-0.5.0.jar;C:\Program Files\apache-maven-3.6.1\mvn_resp\junit\junit\4.12\junit-4.12.jar;C:\Program Files\apache-maven-3.6.1\mvn_resp\org\hamcrest\hamcrest-core\2.2\hamcrest-core-2.2.jar;C:\Program Files\apache-maven-3.6.1\mvn_resp\org\jsoup\jsoup\1.10.2\jsoup-1.10.2.jar;C:\Program Files\apache-maven-3.6.1\mvn_resp\joda-time\joda-time\2.10.5\joda-time-2.10.5.jar;C:\Program Files\apache-maven-3.6.1\mvn_resp\com\github\xiaoymin\knife4j-spring-boot-starter\2.0.2\knife4j-spring-boot-starter-2.0.2.jar;C:\Program Files\apache-maven-3.6.1\mvn_resp\com\github\xiaoymin\knife4j-spring-boot-autoconfigure\2.0.2\knife4j-spring-boot-autoconfigure-2.0.2.jar;C:\Program Files\apache-maven-3.6.1\mvn_resp\com\github\xiaoymin\knife4j-spring\2.0.2\knife4j-spring-2.0.2.jar;C:\Program Files\apache-maven-3.6.1\mvn_resp\com\github\xiaoymin\knife4j-annotations\2.0.2\knife4j-annotations-2.0.2.jar;C:\Program Files\apache-maven-3.6.1\mvn_resp\com\github\xiaoymin\knife4j-core\2.0.2\knife4j-core-2.0.2.jar;C:\Program Files\apache-maven-3.6.1\mvn_resp\io\springfox\springfox-bean-validators\2.9.2\springfox-bean-validators-2.9.2.jar;C:\Program Files\apache-maven-3.6.1\mvn_resp\com\github\xiaoymin\knife4j-spring-ui\2.0.2\knife4j-spring-ui-2.0.2.jar;C:\Program Files\apache-maven-3.6.1\mvn_resp\net\sourceforge\tess4j\tess4j\4.1.1\tess4j-4.1.1.jar;C:\Program Files\apache-maven-3.6.1\mvn_resp\net\java\dev\jna\jna\4.1.0\jna-4.1.0.jar;C:\Program Files\apache-maven-3.6.1\mvn_resp\com\github\jai-imageio\jai-imageio-core\1.4.0\jai-imageio-core-1.4.0.jar;C:\Program Files\apache-maven-3.6.1\mvn_resp\org\ghost4j\ghost4j\1.0.1\ghost4j-1.0.1.jar;C:\Program Files\apache-maven-3.6.1\mvn_resp\log4j\log4j\1.2.17\log4j-1.2.17.jar;C:\Program Files\apache-maven-3.6.1\mvn_resp\org\apache\xmlgraphics\xmlgraphics-commons\1.4\xmlgraphics-commons-1.4.jar;C:\Program Files\apache-maven-3.6.1\mvn_resp\com\lowagie\itext\2.1.7\itext-2.1.7.jar;C:\Program Files\apache-maven-3.6.1\mvn_resp\org\apache\pdfbox\pdfbox\2.0.11\pdfbox-2.0.11.jar;C:\Program Files\apache-maven-3.6.1\mvn_resp\org\apache\pdfbox\fontbox\2.0.11\fontbox-2.0.11.jar;C:\Program Files\apache-maven-3.6.1\mvn_resp\org\apache\pdfbox\pdfbox-tools\2.0.11\pdfbox-tools-2.0.11.jar;C:\Program Files\apache-maven-3.6.1\mvn_resp\org\apache\pdfbox\pdfbox-debugger\2.0.11\pdfbox-debugger-2.0.11.jar;C:\Program Files\apache-maven-3.6.1\mvn_resp\org\apache\pdfbox\jbig2-imageio\3.0.1\jbig2-imageio-3.0.1.jar;C:\Program Files\apache-maven-3.6.1\mvn_resp\net\sourceforge\lept4j\lept4j\1.10.0\lept4j-1.10.0.jar;C:\Program Files\apache-maven-3.6.1\mvn_resp\org\jboss\jboss-vfs\3.2.12.Final\jboss-vfs-3.2.12.Final.jar;C:\Program Files\apache-maven-3.6.1\mvn_resp\org\slf4j\log4j-over-slf4j\1.7.30\log4j-over-slf4j-1.7.30.jar;C:\Users\Administrator\Desktop\项目\chenxu-leadnews\chenxu-leadnews-feign-api\target\classes;C:\Program Files\apache-maven-3.6.1\mvn_resp\org\springframework\cloud\spring-cloud-starter-openfeign\2.2.7.RELEASE\spring-cloud-starter-openfeign-2.2.7.RELEASE.jar;C:\Program Files\apache-maven-3.6.1\mvn_resp\org\springframework\cloud\spring-cloud-openfeign-core\2.2.7.RELEASE\spring-cloud-openfeign-core-2.2.7.RELEASE.jar;C:\Program Files\apache-maven-3.6.1\mvn_resp\io\github\openfeign\form\feign-form-spring\3.8.0\feign-form-spring-3.8.0.jar;C:\Program Files\apache-maven-3.6.1\mvn_resp\io\github\openfeign\form\feign-form\3.8.0\feign-form-3.8.0.jar;C:\Program Files\apache-maven-3.6.1\mvn_resp\commons-fileupload\commons-fileupload\1.4\commons-fileupload-1.4.jar;C:\Program Files\apache-maven-3.6.1\mvn_resp\io\github\openfeign\feign-core\10.10.1\feign-core-10.10.1.jar;C:\Program Files\apache-maven-3.6.1\mvn_resp\io\github\openfeign\feign-slf4j\10.10.1\feign-slf4j-10.10.1.jar;C:\Program Files\apache-maven-3.6.1\mvn_resp\io\github\openfeign\feign-hystrix\10.10.1\feign-hystrix-10.10.1.jar;C:\Program Files\apache-maven-3.6.1\mvn_resp\org\springframework\boot\spring-boot-starter-web\2.3.9.RELEASE\spring-boot-starter-web-2.3.9.RELEASE.jar;C:\Program Files\apache-maven-3.6.1\mvn_resp\org\springframework\boot\spring-boot-starter-json\2.3.9.RELEASE\spring-boot-starter-json-2.3.9.RELEASE.jar;C:\Program Files\apache-maven-3.6.1\mvn_resp\com\fasterxml\jackson\datatype\jackson-datatype-jdk8\2.11.4\jackson-datatype-jdk8-2.11.4.jar;C:\Program Files\apache-maven-3.6.1\mvn_resp\com\fasterxml\jackson\datatype\jackson-datatype-jsr310\2.11.4\jackson-datatype-jsr310-2.11.4.jar;C:\Program Files\apache-maven-3.6.1\mvn_resp\com\fasterxml\jackson\module\jackson-module-parameter-names\2.11.4\jackson-module-parameter-names-2.11.4.jar;C:\Program Files\apache-maven-3.6.1\mvn_resp\org\springframework\boot\spring-boot-starter-tomcat\2.3.9.RELEASE\spring-boot-starter-tomcat-2.3.9.RELEASE.jar;C:\Program Files\apache-maven-3.6.1\mvn_resp\org\apache\tomcat\embed\tomcat-embed-core\9.0.43\tomcat-embed-core-9.0.43.jar;C:\Program Files\apache-maven-3.6.1\mvn_resp\org\glassfish\jakarta.el\3.0.3\jakarta.el-3.0.3.jar;C:\Program Files\apache-maven-3.6.1\mvn_resp\org\apache\tomcat\embed\tomcat-embed-websocket\9.0.43\tomcat-embed-websocket-9.0.43.jar;C:\Program Files\apache-maven-3.6.1\mvn_resp\org\springframework\spring-web\5.2.13.RELEASE\spring-web-5.2.13.RELEASE.jar;C:\Program Files\apache-maven-3.6.1\mvn_resp\org\springframework\spring-webmvc\5.2.13.RELEASE\spring-webmvc-5.2.13.RELEASE.jar;C:\Program Files\apache-maven-3.6.1\mvn_resp\org\springframework\spring-aop\5.2.13.RELEASE\spring-aop-5.2.13.RELEASE.jar;C:\Program Files\apache-maven-3.6.1\mvn_resp\org\springframework\spring-expression\5.2.13.RELEASE\spring-expression-5.2.13.RELEASE.jar;C:\Program Files\apache-maven-3.6.1\mvn_resp\org\springframework\boot\spring-boot-starter-test\2.3.9.RELEASE\spring-boot-starter-test-2.3.9.RELEASE.jar;C:\Program Files\apache-maven-3.6.1\mvn_resp\org\springframework\boot\spring-boot-test-autoconfigure\2.3.9.RELEASE\spring-boot-test-autoconfigure-2.3.9.RELEASE.jar;C:\Program Files\apache-maven-3.6.1\mvn_resp\com\jayway\jsonpath\json-path\2.4.0\json-path-2.4.0.jar;C:\Program Files\apache-maven-3.6.1\mvn_resp\net\minidev\json-smart\2.3\json-smart-2.3.jar;C:\Program Files\apache-maven-3.6.1\mvn_resp\net\minidev\accessors-smart\1.2\accessors-smart-1.2.jar;C:\Program Files\apache-maven-3.6.1\mvn_resp\org\ow2\asm\asm\5.0.4\asm-5.0.4.jar;C:\Program Files\apache-maven-3.6.1\mvn_resp\jakarta\xml\bind\jakarta.xml.bind-api\2.3.3\jakarta.xml.bind-api-2.3.3.jar;C:\Program Files\apache-maven-3.6.1\mvn_resp\jakarta\activation\jakarta.activation-api\1.2.2\jakarta.activation-api-1.2.2.jar;C:\Program Files\apache-maven-3.6.1\mvn_resp\org\assertj\assertj-core\3.16.1\assertj-core-3.16.1.jar;C:\Program Files\apache-maven-3.6.1\mvn_resp\org\hamcrest\hamcrest\2.2\hamcrest-2.2.jar;C:\Program Files\apache-maven-3.6.1\mvn_resp\org\junit\jupiter\junit-jupiter\5.6.3\junit-jupiter-5.6.3.jar;C:\Program Files\apache-maven-3.6.1\mvn_resp\org\junit\jupiter\junit-jupiter-api\5.6.3\junit-jupiter-api-5.6.3.jar;C:\Program Files\apache-maven-3.6.1\mvn_resp\org\opentest4j\opentest4j\1.2.0\opentest4j-1.2.0.jar;C:\Program Files\apache-maven-3.6.1\mvn_resp\org\junit\platform\junit-platform-commons\1.6.3\junit-platform-commons-1.6.3.jar;C:\Program Files\apache-maven-3.6.1\mvn_resp\org\junit\jupiter\junit-jupiter-params\5.6.3\junit-jupiter-params-5.6.3.jar;C:\Program Files\apache-maven-3.6.1\mvn_resp\org\junit\jupiter\junit-jupiter-engine\5.6.3\junit-jupiter-engine-5.6.3.jar;C:\Program Files\apache-maven-3.6.1\mvn_resp\org\junit\vintage\junit-vintage-engine\5.6.3\junit-vintage-engine-5.6.3.jar;C:\Program Files\apache-maven-3.6.1\mvn_resp\org\apiguardian\apiguardian-api\1.1.0\apiguardian-api-1.1.0.jar;C:\Program Files\apache-maven-3.6.1\mvn_resp\org\junit\platform\junit-platform-engine\1.6.3\junit-platform-engine-1.6.3.jar;C:\Program Files\apache-maven-3.6.1\mvn_resp\org\mockito\mockito-core\3.3.3\mockito-core-3.3.3.jar;C:\Program Files\apache-maven-3.6.1\mvn_resp\net\bytebuddy\byte-buddy\1.10.20\byte-buddy-1.10.20.jar;C:\Program Files\apache-maven-3.6.1\mvn_resp\net\bytebuddy\byte-buddy-agent\1.10.20\byte-buddy-agent-1.10.20.jar;C:\Program Files\apache-maven-3.6.1\mvn_resp\org\objenesis\objenesis\2.6\objenesis-2.6.jar;C:\Program Files\apache-maven-3.6.1\mvn_resp\org\mockito\mockito-junit-jupiter\3.3.3\mockito-junit-jupiter-3.3.3.jar;C:\Program Files\apache-maven-3.6.1\mvn_resp\org\skyscreamer\jsonassert\1.5.0\jsonassert-1.5.0.jar;C:\Program Files\apache-maven-3.6.1\mvn_resp\com\vaadin\external\google\android-json\0.0.20131108.vaadin1\android-json-0.0.20131108.vaadin1.jar;C:\Program Files\apache-maven-3.6.1\mvn_resp\org\springframework\spring-core\5.2.13.RELEASE\spring-core-5.2.13.RELEASE.jar;C:\Program Files\apache-maven-3.6.1\mvn_resp\org\springframework\spring-jcl\5.2.13.RELEASE\spring-jcl-5.2.13.RELEASE.jar;C:\Program Files\apache-maven-3.6.1\mvn_resp\org\springframework\spring-test\5.2.13.RELEASE\spring-test-5.2.13.RELEASE.jar;C:\Program Files\apache-maven-3.6.1\mvn_resp\org\xmlunit\xmlunit-core\2.7.0\xmlunit-core-2.7.0.jar;C:\Program Files\apache-maven-3.6.1\mvn_resp\cn\dev33\sa-token-spring-boot-starter\1.38.0\sa-token-spring-boot-starter-1.38.0.jar;C:\Program Files\apache-maven-3.6.1\mvn_resp\cn\dev33\sa-token-servlet\1.38.0\sa-token-servlet-1.38.0.jar;C:\Program Files\apache-maven-3.6.1\mvn_resp\cn\dev33\sa-token-core\1.38.0\sa-token-core-1.38.0.jar;C:\Program Files\apache-maven-3.6.1\mvn_resp\cn\dev33\sa-token-spring-boot-autoconfig\1.38.0\sa-token-spring-boot-autoconfig-1.38.0.jar;C:\Program Files\apache-maven-3.6.1\mvn_resp\org\springframework\boot\spring-boot-starter-log4j2\2.3.9.RELEASE\spring-boot-starter-log4j2-2.3.9.RELEASE.jar;C:\Program Files\apache-maven-3.6.1\mvn_resp\org\apache\logging\log4j\log4j-slf4j-impl\2.13.3\log4j-slf4j-impl-2.13.3.jar;C:\Program Files\apache-maven-3.6.1\mvn_resp\org\apache\logging\log4j\log4j-api\2.13.3\log4j-api-2.13.3.jar;C:\Program Files\apache-maven-3.6.1\mvn_resp\org\apache\logging\log4j\log4j-core\2.13.3\log4j-core-2.13.3.jar;C:\Program Files\apache-maven-3.6.1\mvn_resp\org\apache\logging\log4j\log4j-jul\2.13.3\log4j-jul-2.13.3.jar;C:\Program Files\apache-maven-3.6.1\mvn_resp\org\slf4j\jul-to-slf4j\1.7.30\jul-to-slf4j-1.7.30.jar;C:\Program Files\apache-maven-3.6.1\mvn_resp\org\projectlombok\lombok\1.18.8\lombok-1.18.8.jar;"/>
    <property name="sun.cpu.endian" value="little"/>
    <property name="user.home" value="C:\Users\Administrator"/>
    <property name="user.language" value="zh"/>
    <property name="java.specification.vendor" value="Oracle Corporation"/>
    <property name="java.home" value="C:\Users\Administrator\.jdks\corretto-1.8.0_382\jre"/>
    <property name="basedir" value="C:\Users\Administrator\Desktop\项目\chenxu-leadnews\chenxu-leadnews-service\chenxu-leadnews-article"/>
    <property name="file.separator" value="\"/>
    <property name="line.separator" value="&#10;"/>
    <property name="java.vm.specification.vendor" value="Oracle Corporation"/>
    <property name="java.specification.name" value="Java Platform API Specification"/>
    <property name="java.awt.graphicsenv" value="sun.awt.Win32GraphicsEnvironment"/>
    <property name="surefire.real.class.path" value="C:\Users\Administrator\AppData\Local\Temp\surefire4043967839661525400\surefirebooter3283317589317641352.jar"/>
    <property name="sun.boot.class.path" value="C:\Users\Administrator\.jdks\corretto-1.8.0_382\jre\lib\resources.jar;C:\Users\Administrator\.jdks\corretto-1.8.0_382\jre\lib\rt.jar;C:\Users\Administrator\.jdks\corretto-1.8.0_382\jre\lib\sunrsasign.jar;C:\Users\Administrator\.jdks\corretto-1.8.0_382\jre\lib\jsse.jar;C:\Users\Administrator\.jdks\corretto-1.8.0_382\jre\lib\jce.jar;C:\Users\Administrator\.jdks\corretto-1.8.0_382\jre\lib\charsets.jar;C:\Users\Administrator\.jdks\corretto-1.8.0_382\jre\lib\jfr.jar;C:\Users\Administrator\.jdks\corretto-1.8.0_382\jre\classes"/>
    <property name="user.script" value=""/>
    <property name="sun.management.compiler" value="HotSpot 64-Bit Tiered Compilers"/>
    <property name="java.runtime.version" value="1.8.0_382-b05"/>
    <property name="user.name" value="Administrator"/>
    <property name="path.separator" value=";"/>
    <property name="os.version" value="10.0"/>
    <property name="java.endorsed.dirs" value="C:\Users\Administrator\.jdks\corretto-1.8.0_382\jre\lib\endorsed"/>
    <property name="java.runtime.name" value="OpenJDK Runtime Environment"/>
    <property name="file.encoding" value="GBK"/>
    <property name="java.vm.name" value="OpenJDK 64-Bit Server VM"/>
    <property name="localRepository" value="C:\Program Files\apache-maven-3.6.1\mvn_resp"/>
    <property name="java.vendor.url.bug" value="https://github.com/corretto/corretto-8/issues/"/>
    <property name="java.io.tmpdir" value="C:\Users\Administrator\AppData\Local\Temp\"/>
    <property name="idea.version" value="2022.3.3"/>
    <property name="java.version" value="1.8.0_382"/>
    <property name="user.dir" value="C:\Users\Administrator\Desktop\项目\chenxu-leadnews\chenxu-leadnews-service\chenxu-leadnews-article"/>
    <property name="os.arch" value="amd64"/>
    <property name="java.vm.specification.name" value="Java Virtual Machine Specification"/>
    <property name="java.awt.printerjob" value="sun.awt.windows.WPrinterJob"/>
    <property name="sun.os.patch.level" value=""/>
    <property name="java.library.path" value="C:\Users\Administrator\.jdks\corretto-1.8.0_382\jre\bin;C:\Windows\Sun\Java\bin;C:\Windows\system32;C:\Windows;C:\Program Files\MYSQL\mysql-8.0.11-winx64\bin;C:\Program Files\mysql\MySQL Server 8.0\bin;C:\Program Files\Common Files\Oracle\Java\javapath;C:\Program Files\Java\jdk-13.0.2\bin;C:\Program Files (x86)\EditPlus 3;C:\Program Files\Microsoft\jdk-11.0.16.101-hotspot\bin;C:\Program Files (x86)\VMware\VMware Workstation\bin\;C:\Windows\system32;C:\Windows;C:\Windows\System32\Wbem;C:\Windows\System32\WindowsPowerShell\v1.0\;C:\Program Files\MongoDB\Server\7.0\bin;C:\Windows\System32\OpenSSH\;C:\Program Files\Microsoft SQL Server\150\Tools\Binn\;C:\Program Files (x86)\Windows Kits\10\Windows Performance Toolkit\;C:\Program Files\Git\cmd;C:\Users\Administrator\Desktop\Clash.for.Windows-0.17.1-win;C:\Program Files\Adobe;C:\Program Files\apache-maven-3.6.1\bin;%JRE_HOME%\bin;C:\Program Files\apache-tomcat-8.5.95\bin;C:\Users\Administrator\Desktop\hongzha;C:\Program Files (x86)\Tencent\微信web开发者工具\dll;C:\Program Files\dotnet\;C:\Program Files\Microsoft SQL Server\120\Tools\Binn\;C:\Program Files (x86)\NetSarang\Xshell 7\;C:\Program Files (x86)\NetSarang\Xftp 7\;C:\Program Files (x86)\NetSarang\Xmanager 7\;C:\Program Files (x86)\NetSarang\Xlpd 7\;C:\Program Files\erl9.2\bin;C:\Users\Administrator\AppData\Local\Programs\Python\Python312;C:\Program Files\nodejs\;C:\Users\Administrator\AppData\Local\Programs\Python\Python312\Scripts\;C:\Program Files\MongoDB\Server\7.0\bin;C:\Users\Administrator\AppData\Local\Programs\Python\Python312\;C:\Users\Administrator\AppData\Local\Programs\Python\Python38\Scripts\;C:\Users\Administrator\AppData\Local\Programs\Python\Python38\;C:\Program Files\mysql\MySQL Server 8.0\bin;C:\Program Files\MYSQL\mysql-8.0.11-winx64\bin;C:\Program Files\Java\jdk-13.0.2\bin;C:\Program Files (x86)\EditPlus 3;C:\Users\Administrator\AppData\Local\Microsoft\WindowsApps;C:\Program Files\Java\jdk-13.0.2\bin;C:\Program Files\Java\jdk-21\bin;C:\Program Files\apache-maven-3.6.1\bin;%JRE_HOME%\bin;C:\Program Files\apache-tomcat-8.5.95\bin;C:\Users\Administrator\Desktop\hongzha;C:\Users\Administrator\.dotnet\tools;C:\Users\Administrator\AppData\Local\Programs\Microsoft VS Code\bin;C:\Program Files\erl9.2\bin;C:\Users\Administrator\AppData\Local\Programs\Python\Python312;C:\Program Files\JetBrains\IntelliJ IDEA 2022.3.3\bin;;C:\Program Files\JetBrains\PyCharm 2023.3.5\bin;;C:\Users\Administrator\AppData\Roaming\npm;."/>
    <property name="java.vm.info" value="mixed mode"/>
    <property name="java.vendor" value="Amazon.com Inc."/>
    <property name="java.vm.version" value="25.382-b05"/>
    <property name="java.specification.maintenance.version" value="5"/>
    <property name="java.ext.dirs" value="C:\Users\Administrator\.jdks\corretto-1.8.0_382\jre\lib\ext;C:\Windows\Sun\Java\lib\ext"/>
    <property name="sun.io.unicode.encoding" value="UnicodeLittle"/>
    <property name="maven.repo.local" value="C:\Program Files\apache-maven-3.6.1\mvn_resp"/>
    <property name="java.class.version" value="52.0"/>
  </properties>
  <testcase name="createStaticUrlTest" classname="com.chenxu.article.test.ArticleFreemarkerTest" time="0.015">
    <error message="Failed to load ApplicationContext" type="java.lang.IllegalStateException">java.lang.IllegalStateException: Failed to load ApplicationContext
Caused by: java.lang.IllegalStateException: Failed to introspect Class [com.chenxu.article.service.impl.ApArticleServiceImpl] from ClassLoader [sun.misc.Launcher$AppClassLoader@75b84c92]
Caused by: java.lang.NoClassDefFoundError: Lcom/chenxu/article/mapper/ApArticleConfigMapper;
Caused by: java.lang.ClassNotFoundException: com.chenxu.article.mapper.ApArticleConfigMapper
</error>
    <system-out><![CDATA[2024-07-29 18:23:10.309 [main] INFO  o.s.b.t.c.SpringBootTestContextBootstrapper - Neither @ContextConfiguration nor @ContextHierarchy found for test class [com.chenxu.article.test.ArticleFreemarkerTest], using SpringBootContextLoader
2024-07-29 18:23:10.318 [main] INFO  o.s.t.c.s.AbstractContextLoader - Could not detect default resource locations for test class [com.chenxu.article.test.ArticleFreemarkerTest]: no resource found for suffixes {-context.xml, Context.groovy}.
2024-07-29 18:23:10.602 [main] DEBUG o.s.b.t.c.SpringBootTestContextBootstrapper - @TestExecutionListeners is not present for class [com.chenxu.article.test.ArticleFreemarkerTest]: using defaults.
2024-07-29 18:23:10.603 [main] INFO  o.s.b.t.c.SpringBootTestContextBootstrapper - Loaded default TestExecutionListener class names from location [META-INF/spring.factories]: [org.springframework.boot.test.mock.mockito.MockitoTestExecutionListener, org.springframework.boot.test.mock.mockito.ResetMocksTestExecutionListener, org.springframework.boot.test.autoconfigure.restdocs.RestDocsTestExecutionListener, org.springframework.boot.test.autoconfigure.web.client.MockRestServiceServerResetTestExecutionListener, org.springframework.boot.test.autoconfigure.web.servlet.MockMvcPrintOnlyOnFailureTestExecutionListener, org.springframework.boot.test.autoconfigure.web.servlet.WebDriverTestExecutionListener, org.springframework.boot.test.autoconfigure.webservices.client.MockWebServiceServerTestExecutionListener, org.springframework.test.context.web.ServletTestExecutionListener, org.springframework.test.context.support.DirtiesContextBeforeModesTestExecutionListener, org.springframework.test.context.support.DependencyInjectionTestExecutionListener, org.springframework.test.context.support.DirtiesContextTestExecutionListener, org.springframework.test.context.transaction.TransactionalTestExecutionListener, org.springframework.test.context.jdbc.SqlScriptsTestExecutionListener, org.springframework.test.context.event.EventPublishingTestExecutionListener]
2024-07-29 18:23:10.634 [main] INFO  o.s.b.t.c.SpringBootTestContextBootstrapper - Using TestExecutionListeners: [org.springframework.test.context.web.ServletTestExecutionListener@266374ef, org.springframework.test.context.support.DirtiesContextBeforeModesTestExecutionListener@13b3d178, org.springframework.boot.test.mock.mockito.MockitoTestExecutionListener@24c4ddae, org.springframework.boot.test.autoconfigure.SpringBootDependencyInjectionTestExecutionListener@37fb0bed, org.springframework.test.context.support.DirtiesContextTestExecutionListener@a82c5f1, org.springframework.test.context.transaction.TransactionalTestExecutionListener@7b7fdc8, org.springframework.test.context.jdbc.SqlScriptsTestExecutionListener@51c693d, org.springframework.test.context.event.EventPublishingTestExecutionListener@6a57ae10, org.springframework.boot.test.mock.mockito.ResetMocksTestExecutionListener@766653e6, org.springframework.boot.test.autoconfigure.restdocs.RestDocsTestExecutionListener@4e07b95f, org.springframework.boot.test.autoconfigure.web.client.MockRestServiceServerResetTestExecutionListener@28b46423, org.springframework.boot.test.autoconfigure.web.servlet.MockMvcPrintOnlyOnFailureTestExecutionListener@7fc4780b, org.springframework.boot.test.autoconfigure.web.servlet.WebDriverTestExecutionListener@3b79fd76, org.springframework.boot.test.autoconfigure.webservices.client.MockWebServiceServerTestExecutionListener@48c76607]
2024-07-29 18:23:10.674 [main] INFO  o.s.b.t.c.SpringBootTestContextBootstrapper - Neither @ContextConfiguration nor @ContextHierarchy found for test class [com.chenxu.article.test.ArticleFreemarkerTest], using SpringBootContextLoader
2024-07-29 18:23:10.676 [main] INFO  o.s.t.c.s.AbstractContextLoader - Could not detect default resource locations for test class [com.chenxu.article.test.ArticleFreemarkerTest]: no resource found for suffixes {-context.xml, Context.groovy}.
2024-07-29 18:23:10.681 [main] DEBUG o.s.b.t.c.SpringBootTestContextBootstrapper - @TestExecutionListeners is not present for class [com.chenxu.article.test.ArticleFreemarkerTest]: using defaults.
2024-07-29 18:23:10.682 [main] INFO  o.s.b.t.c.SpringBootTestContextBootstrapper - Loaded default TestExecutionListener class names from location [META-INF/spring.factories]: [org.springframework.boot.test.mock.mockito.MockitoTestExecutionListener, org.springframework.boot.test.mock.mockito.ResetMocksTestExecutionListener, org.springframework.boot.test.autoconfigure.restdocs.RestDocsTestExecutionListener, org.springframework.boot.test.autoconfigure.web.client.MockRestServiceServerResetTestExecutionListener, org.springframework.boot.test.autoconfigure.web.servlet.MockMvcPrintOnlyOnFailureTestExecutionListener, org.springframework.boot.test.autoconfigure.web.servlet.WebDriverTestExecutionListener, org.springframework.boot.test.autoconfigure.webservices.client.MockWebServiceServerTestExecutionListener, org.springframework.test.context.web.ServletTestExecutionListener, org.springframework.test.context.support.DirtiesContextBeforeModesTestExecutionListener, org.springframework.test.context.support.DependencyInjectionTestExecutionListener, org.springframework.test.context.support.DirtiesContextTestExecutionListener, org.springframework.test.context.transaction.TransactionalTestExecutionListener, org.springframework.test.context.jdbc.SqlScriptsTestExecutionListener, org.springframework.test.context.event.EventPublishingTestExecutionListener]
2024-07-29 18:23:10.682 [main] INFO  o.s.b.t.c.SpringBootTestContextBootstrapper - Using TestExecutionListeners: [org.springframework.test.context.web.ServletTestExecutionListener@5b7a8434, org.springframework.test.context.support.DirtiesContextBeforeModesTestExecutionListener@5c45d770, org.springframework.boot.test.mock.mockito.MockitoTestExecutionListener@2ce6c6ec, org.springframework.boot.test.autoconfigure.SpringBootDependencyInjectionTestExecutionListener@1bae316d, org.springframework.test.context.support.DirtiesContextTestExecutionListener@147a5d08, org.springframework.test.context.transaction.TransactionalTestExecutionListener@6676f6a0, org.springframework.test.context.jdbc.SqlScriptsTestExecutionListener@7cbd9d24, org.springframework.test.context.event.EventPublishingTestExecutionListener@1672fe87, org.springframework.boot.test.mock.mockito.ResetMocksTestExecutionListener@5026735c, org.springframework.boot.test.autoconfigure.restdocs.RestDocsTestExecutionListener@1b45c0e, org.springframework.boot.test.autoconfigure.web.client.MockRestServiceServerResetTestExecutionListener@11f0a5a1, org.springframework.boot.test.autoconfigure.web.servlet.MockMvcPrintOnlyOnFailureTestExecutionListener@10f7f7de, org.springframework.boot.test.autoconfigure.web.servlet.WebDriverTestExecutionListener@73a8da0f, org.springframework.boot.test.autoconfigure.webservices.client.MockWebServiceServerTestExecutionListener@50dfbc58]
2024-07-29 18:23:12.495 [main] DEBUG o.s.b.c.l.ClasspathLoggingApplicationListener - Application started with classpath: [file:/C:/Users/Administrator/AppData/Local/Temp/surefire4043967839661525400/surefirebooter3283317589317641352.jar]
2024-07-29 18:23:12.702 [main] DEBUG o.s.boot.SpringApplication - Loading source class org.springframework.cloud.bootstrap.BootstrapImportSelectorConfiguration
2024-07-29 18:23:13.168 [main] DEBUG o.s.b.a.l.ConditionEvaluationReportLoggingListener - 


============================
CONDITIONS EVALUATION REPORT
============================


Positive matches:
-----------------

   ConfigurationPropertiesRebinderAutoConfiguration matched:
      - @ConditionalOnBean (types: org.springframework.boot.context.properties.ConfigurationPropertiesBindingPostProcessor; SearchStrategy: all) found bean 'org.springframework.boot.context.properties.ConfigurationPropertiesBindingPostProcessor' (OnBeanCondition)

   ConfigurationPropertiesRebinderAutoConfiguration#configurationPropertiesBeans matched:
      - @ConditionalOnMissingBean (types: org.springframework.cloud.context.properties.ConfigurationPropertiesBeans; SearchStrategy: current) did not find any beans (OnBeanCondition)

   ConfigurationPropertiesRebinderAutoConfiguration#configurationPropertiesRebinder matched:
      - @ConditionalOnMissingBean (types: org.springframework.cloud.context.properties.ConfigurationPropertiesRebinder; SearchStrategy: current) did not find any beans (OnBeanCondition)

   EncryptionBootstrapConfiguration matched:
      - @ConditionalOnClass found required class 'org.springframework.security.crypto.encrypt.TextEncryptor' (OnClassCondition)

   PropertyPlaceholderAutoConfiguration#propertySourcesPlaceholderConfigurer matched:
      - @ConditionalOnMissingBean (types: org.springframework.context.support.PropertySourcesPlaceholderConfigurer; SearchStrategy: current) did not find any beans (OnBeanCondition)


Negative matches:
-----------------

   EncryptionBootstrapConfiguration.RsaEncryptionConfiguration:
      Did not match:
         - Keystore nor key found in Environment (EncryptionBootstrapConfiguration.KeyCondition)
      Matched:
         - @ConditionalOnClass found required class 'org.springframework.security.rsa.crypto.RsaSecretEncryptor' (OnClassCondition)

   EncryptionBootstrapConfiguration.VanillaEncryptionConfiguration:
      Did not match:
         - @ConditionalOnMissingClass found unwanted class 'org.springframework.security.rsa.crypto.RsaSecretEncryptor' (OnClassCondition)

   EurekaConfigServerBootstrapConfiguration:
      Did not match:
         - @ConditionalOnClass did not find required class 'org.springframework.cloud.config.client.ConfigServicePropertySourceLocator' (OnClassCondition)


Exclusions:
-----------

    None


Unconditional classes:
----------------------

    None



2024-07-29 18:23:16.298 [main] DEBUG o.s.b.c.l.ClasspathLoggingApplicationListener - Application started with classpath: [file:/C:/Users/Administrator/AppData/Local/Temp/surefire4043967839661525400/surefirebooter3283317589317641352.jar]

  .   ____          _            __ _ _
 /\\ / ___'_ __ _ _(_)_ __  __ _ \ \ \ \
( ( )\___ | '_ | '_| | '_ \/ _` | \ \ \ \
 \\/  ___)| |_)| | | | | || (_| |  ) ) ) )
  '  |____| .__|_| |_|_| |_\__, | / / / /
 =========|_|==============|___/=/_/_/_/
 :: Spring Boot ::        (v2.3.9.RELEASE)

2024-07-29 18:23:16.336 [main] INFO  c.h.a.test.ArticleFreemarkerTest - No active profile set, falling back to default profiles: default
2024-07-29 18:23:16.336 [main] DEBUG o.s.boot.SpringApplication - Loading source class com.chenxu.article.ArticleApplication,class org.springframework.cloud.bootstrap.BootstrapApplicationListener$BootstrapMarkerConfiguration
2024-07-29 18:23:16.345 [main] DEBUG o.s.b.c.c.ConfigFileApplicationListener - Loaded config file 'file:/C:/Users/Administrator/Desktop/%E9%A1%B9%E7%9B%AE/chenxu-leadnews/chenxu-leadnews-service/chenxu-leadnews-article/target/classes/application.yml' (classpath:/application.yml)
2024-07-29 18:23:18.277 [main] INFO  o.s.d.r.c.RepositoryConfigurationDelegate - Multiple Spring Data modules found, entering strict repository configuration mode!
2024-07-29 18:23:18.284 [main] INFO  o.s.d.r.c.RepositoryConfigurationDelegate - Bootstrapping Spring Data Redis repositories in DEFAULT mode.
2024-07-29 18:23:18.339 [main] DEBUG o.s.b.a.AutoConfigurationPackages - @EnableAutoConfiguration was declared on a class in the package 'com.chenxu.article'. Automatic @Repository and @Entity scanning is enabled.
2024-07-29 18:23:18.342 [main] INFO  o.s.d.r.c.RepositoryConfigurationDelegate - Finished Spring Data repository scanning in 22ms. Found 0 Redis repository interfaces.
2024-07-29 18:23:18.577 [main] WARN  o.s.boot.actuate.endpoint.EndpointId - Endpoint ID 'service-registry' contains invalid characters, please migrate to a valid format.
2024-07-29 18:23:18.925 [main] INFO  o.s.cloud.context.scope.GenericScope - BeanFactory id=8f03b738-df7f-3e8f-b406-d2c942c580c2
2024-07-29 18:23:18.953 [main] ERROR o.s.boot.SpringApplication - Application run failed
java.lang.IllegalStateException: Failed to introspect Class [com.chenxu.article.service.impl.ApArticleServiceImpl] from ClassLoader [sun.misc.Launcher$AppClassLoader@75b84c92]
	at org.springframework.util.ReflectionUtils.getDeclaredFields(ReflectionUtils.java:734)
	at org.springframework.util.ReflectionUtils.doWithFields(ReflectionUtils.java:699)
	at org.springframework.util.ReflectionUtils.doWithFields(ReflectionUtils.java:684)
	at org.springframework.boot.test.mock.mockito.DefinitionsParser.parse(DefinitionsParser.java:65)
	at org.springframework.boot.test.mock.mockito.MockitoPostProcessor.postProcessBeanFactory(MockitoPostProcessor.java:135)
	at org.springframework.boot.test.mock.mockito.MockitoPostProcessor.postProcessBeanFactory(MockitoPostProcessor.java:128)
	at org.springframework.context.support.PostProcessorRegistrationDelegate.invokeBeanFactoryPostProcessors(PostProcessorRegistrationDelegate.java:291)
	at org.springframework.context.support.PostProcessorRegistrationDelegate.invokeBeanFactoryPostProcessors(PostProcessorRegistrationDelegate.java:175)
	at org.springframework.context.support.AbstractApplicationContext.invokeBeanFactoryPostProcessors(AbstractApplicationContext.java:707)
	at org.springframework.context.support.AbstractApplicationContext.refresh(AbstractApplicationContext.java:533)
	at org.springframework.boot.SpringApplication.refresh(SpringApplication.java:758)
	at org.springframework.boot.SpringApplication.refresh(SpringApplication.java:750)
	at org.springframework.boot.SpringApplication.refreshContext(SpringApplication.java:405)
	at org.springframework.boot.SpringApplication.run(SpringApplication.java:315)
	at org.springframework.boot.test.context.SpringBootContextLoader.loadContext(SpringBootContextLoader.java:120)
	at org.springframework.test.context.cache.DefaultCacheAwareContextLoaderDelegate.loadContextInternal(DefaultCacheAwareContextLoaderDelegate.java:99)
	at org.springframework.test.context.cache.DefaultCacheAwareContextLoaderDelegate.loadContext(DefaultCacheAwareContextLoaderDelegate.java:124)
	at org.springframework.test.context.support.DefaultTestContext.getApplicationContext(DefaultTestContext.java:123)
	at org.springframework.test.context.web.ServletTestExecutionListener.setUpRequestContextIfNecessary(ServletTestExecutionListener.java:190)
	at org.springframework.test.context.web.ServletTestExecutionListener.prepareTestInstance(ServletTestExecutionListener.java:132)
	at org.springframework.test.context.TestContextManager.prepareTestInstance(TestContextManager.java:244)
	at org.springframework.test.context.junit4.SpringJUnit4ClassRunner.createTest(SpringJUnit4ClassRunner.java:227)
	at org.springframework.test.context.junit4.SpringJUnit4ClassRunner$1.runReflectiveCall(SpringJUnit4ClassRunner.java:289)
	at org.junit.internal.runners.model.ReflectiveCallable.run(ReflectiveCallable.java:12)
	at org.springframework.test.context.junit4.SpringJUnit4ClassRunner.methodBlock(SpringJUnit4ClassRunner.java:291)
	at org.springframework.test.context.junit4.SpringJUnit4ClassRunner.runChild(SpringJUnit4ClassRunner.java:246)
	at org.springframework.test.context.junit4.SpringJUnit4ClassRunner.runChild(SpringJUnit4ClassRunner.java:97)
	at org.junit.runners.ParentRunner$3.run(ParentRunner.java:290)
	at org.junit.runners.ParentRunner$1.schedule(ParentRunner.java:71)
	at org.junit.runners.ParentRunner.runChildren(ParentRunner.java:288)
	at org.junit.runners.ParentRunner.access$000(ParentRunner.java:58)
	at org.junit.runners.ParentRunner$2.evaluate(ParentRunner.java:268)
	at org.springframework.test.context.junit4.statements.RunBeforeTestClassCallbacks.evaluate(RunBeforeTestClassCallbacks.java:61)
	at org.springframework.test.context.junit4.statements.RunAfterTestClassCallbacks.evaluate(RunAfterTestClassCallbacks.java:70)
	at org.junit.runners.ParentRunner.run(ParentRunner.java:363)
	at org.springframework.test.context.junit4.SpringJUnit4ClassRunner.run(SpringJUnit4ClassRunner.java:190)
	at org.junit.runner.JUnitCore.run(JUnitCore.java:137)
	at org.junit.runner.JUnitCore.run(JUnitCore.java:115)
	at org.junit.vintage.engine.execution.RunnerExecutor.execute(RunnerExecutor.java:43)
	at java.util.stream.ForEachOps$ForEachOp$OfRef.accept(ForEachOps.java:183)
	at java.util.stream.ReferencePipeline$3$1.accept(ReferencePipeline.java:193)
	at java.util.Iterator.forEachRemaining(Iterator.java:116)
	at java.util.Spliterators$IteratorSpliterator.forEachRemaining(Spliterators.java:1801)
	at java.util.stream.AbstractPipeline.copyInto(AbstractPipeline.java:482)
	at java.util.stream.AbstractPipeline.wrapAndCopyInto(AbstractPipeline.java:472)
	at java.util.stream.ForEachOps$ForEachOp.evaluateSequential(ForEachOps.java:150)
	at java.util.stream.ForEachOps$ForEachOp$OfRef.evaluateSequential(ForEachOps.java:173)
	at java.util.stream.AbstractPipeline.evaluate(AbstractPipeline.java:234)
	at java.util.stream.ReferencePipeline.forEach(ReferencePipeline.java:485)
	at org.junit.vintage.engine.VintageTestEngine.executeAllChildren(VintageTestEngine.java:82)
	at org.junit.vintage.engine.VintageTestEngine.execute(VintageTestEngine.java:73)
	at org.junit.platform.launcher.core.DefaultLauncher.execute(DefaultLauncher.java:220)
	at org.junit.platform.launcher.core.DefaultLauncher.lambda$execute$6(DefaultLauncher.java:188)
	at org.junit.platform.launcher.core.DefaultLauncher.withInterceptedStreams(DefaultLauncher.java:202)
	at org.junit.platform.launcher.core.DefaultLauncher.execute(DefaultLauncher.java:181)
	at org.junit.platform.launcher.core.DefaultLauncher.execute(DefaultLauncher.java:128)
	at org.apache.maven.surefire.junitplatform.JUnitPlatformProvider.invokeAllTests(JUnitPlatformProvider.java:150)
	at org.apache.maven.surefire.junitplatform.JUnitPlatformProvider.invoke(JUnitPlatformProvider.java:124)
	at org.apache.maven.surefire.booter.ForkedBooter.invokeProviderInSameClassLoader(ForkedBooter.java:384)
	at org.apache.maven.surefire.booter.ForkedBooter.runSuitesInProcess(ForkedBooter.java:345)
	at org.apache.maven.surefire.booter.ForkedBooter.execute(ForkedBooter.java:126)
	at org.apache.maven.surefire.booter.ForkedBooter.main(ForkedBooter.java:418)
Caused by: java.lang.NoClassDefFoundError: Lcom/chenxu/article/mapper/ApArticleConfigMapper;
	at java.lang.Class.getDeclaredFields0(Native Method)
	at java.lang.Class.privateGetDeclaredFields(Class.java:2611)
	at java.lang.Class.getDeclaredFields(Class.java:1944)
	at org.springframework.util.ReflectionUtils.getDeclaredFields(ReflectionUtils.java:729)
	... 61 common frames omitted
Caused by: java.lang.ClassNotFoundException: com.chenxu.article.mapper.ApArticleConfigMapper
	at java.net.URLClassLoader.findClass(URLClassLoader.java:387)
	at java.lang.ClassLoader.loadClass(ClassLoader.java:418)
	at sun.misc.Launcher$AppClassLoader.loadClass(Launcher.java:352)
	at java.lang.ClassLoader.loadClass(ClassLoader.java:351)
	... 65 common frames omitted
2024-07-29 18:23:18.956 [main] WARN  o.s.boot.SpringApplication - Unable to close ApplicationContext
org.springframework.beans.factory.UnsatisfiedDependencyException: Error creating bean with name 'apArticleConfigMapper' defined in file [C:\Users\Administrator\Desktop\椤圭洰\chenxu-leadnews\chenxu-leadnews-service\chenxu-leadnews-article\target\classes\com\chenxu\article\mapper\ApArticleConfigMapper.class]: Unsatisfied dependency expressed through constructor parameter 0: Could not convert argument value of type [java.lang.String] to required type [java.lang.Class]: Failed to convert value of type 'java.lang.String' to required type 'java.lang.Class'; nested exception is java.lang.IllegalArgumentException: Could not find class [com.chenxu.article.mapper.ApArticleConfigMapper]
	at org.springframework.beans.factory.support.ConstructorResolver.createArgumentArray(ConstructorResolver.java:767)
	at org.springframework.beans.factory.support.ConstructorResolver.autowireConstructor(ConstructorResolver.java:228)
	at org.springframework.beans.factory.support.AbstractAutowireCapableBeanFactory.autowireConstructor(AbstractAutowireCapableBeanFactory.java:1361)
	at org.springframework.beans.factory.support.AbstractAutowireCapableBeanFactory.createBeanInstance(AbstractAutowireCapableBeanFactory.java:1208)
	at org.springframework.beans.factory.support.AbstractAutowireCapableBeanFactory.getSingletonFactoryBeanForTypeCheck(AbstractAutowireCapableBeanFactory.java:1007)
	at org.springframework.beans.factory.support.AbstractAutowireCapableBeanFactory.getTypeForFactoryBean(AbstractAutowireCapableBeanFactory.java:884)
	at org.springframework.beans.factory.support.AbstractBeanFactory.isTypeMatch(AbstractBeanFactory.java:619)
	at org.springframework.beans.factory.support.DefaultListableBeanFactory.doGetBeanNamesForType(DefaultListableBeanFactory.java:536)
	at org.springframework.beans.factory.support.DefaultListableBeanFactory.getBeanNamesForType(DefaultListableBeanFactory.java:495)
	at org.springframework.beans.factory.support.DefaultListableBeanFactory.getBeansOfType(DefaultListableBeanFactory.java:620)
	at org.springframework.beans.factory.support.DefaultListableBeanFactory.getBeansOfType(DefaultListableBeanFactory.java:612)
	at org.springframework.context.support.AbstractApplicationContext.getBeansOfType(AbstractApplicationContext.java:1243)
	at org.springframework.boot.SpringApplication.getExitCodeFromMappedException(SpringApplication.java:880)
	at org.springframework.boot.SpringApplication.getExitCodeFromException(SpringApplication.java:868)
	at org.springframework.boot.SpringApplication.handleExitCode(SpringApplication.java:855)
	at org.springframework.boot.SpringApplication.handleRunFailure(SpringApplication.java:806)
	at org.springframework.boot.SpringApplication.run(SpringApplication.java:325)
	at org.springframework.boot.test.context.SpringBootContextLoader.loadContext(SpringBootContextLoader.java:120)
	at org.springframework.test.context.cache.DefaultCacheAwareContextLoaderDelegate.loadContextInternal(DefaultCacheAwareContextLoaderDelegate.java:99)
	at org.springframework.test.context.cache.DefaultCacheAwareContextLoaderDelegate.loadContext(DefaultCacheAwareContextLoaderDelegate.java:124)
	at org.springframework.test.context.support.DefaultTestContext.getApplicationContext(DefaultTestContext.java:123)
	at org.springframework.test.context.web.ServletTestExecutionListener.setUpRequestContextIfNecessary(ServletTestExecutionListener.java:190)
	at org.springframework.test.context.web.ServletTestExecutionListener.prepareTestInstance(ServletTestExecutionListener.java:132)
	at org.springframework.test.context.TestContextManager.prepareTestInstance(TestContextManager.java:244)
	at org.springframework.test.context.junit4.SpringJUnit4ClassRunner.createTest(SpringJUnit4ClassRunner.java:227)
	at org.springframework.test.context.junit4.SpringJUnit4ClassRunner$1.runReflectiveCall(SpringJUnit4ClassRunner.java:289)
	at org.junit.internal.runners.model.ReflectiveCallable.run(ReflectiveCallable.java:12)
	at org.springframework.test.context.junit4.SpringJUnit4ClassRunner.methodBlock(SpringJUnit4ClassRunner.java:291)
	at org.springframework.test.context.junit4.SpringJUnit4ClassRunner.runChild(SpringJUnit4ClassRunner.java:246)
	at org.springframework.test.context.junit4.SpringJUnit4ClassRunner.runChild(SpringJUnit4ClassRunner.java:97)
	at org.junit.runners.ParentRunner$3.run(ParentRunner.java:290)
	at org.junit.runners.ParentRunner$1.schedule(ParentRunner.java:71)
	at org.junit.runners.ParentRunner.runChildren(ParentRunner.java:288)
	at org.junit.runners.ParentRunner.access$000(ParentRunner.java:58)
	at org.junit.runners.ParentRunner$2.evaluate(ParentRunner.java:268)
	at org.springframework.test.context.junit4.statements.RunBeforeTestClassCallbacks.evaluate(RunBeforeTestClassCallbacks.java:61)
	at org.springframework.test.context.junit4.statements.RunAfterTestClassCallbacks.evaluate(RunAfterTestClassCallbacks.java:70)
	at org.junit.runners.ParentRunner.run(ParentRunner.java:363)
	at org.springframework.test.context.junit4.SpringJUnit4ClassRunner.run(SpringJUnit4ClassRunner.java:190)
	at org.junit.runner.JUnitCore.run(JUnitCore.java:137)
	at org.junit.runner.JUnitCore.run(JUnitCore.java:115)
	at org.junit.vintage.engine.execution.RunnerExecutor.execute(RunnerExecutor.java:43)
	at java.util.stream.ForEachOps$ForEachOp$OfRef.accept(ForEachOps.java:183)
	at java.util.stream.ReferencePipeline$3$1.accept(ReferencePipeline.java:193)
	at java.util.Iterator.forEachRemaining(Iterator.java:116)
	at java.util.Spliterators$IteratorSpliterator.forEachRemaining(Spliterators.java:1801)
	at java.util.stream.AbstractPipeline.copyInto(AbstractPipeline.java:482)
	at java.util.stream.AbstractPipeline.wrapAndCopyInto(AbstractPipeline.java:472)
	at java.util.stream.ForEachOps$ForEachOp.evaluateSequential(ForEachOps.java:150)
	at java.util.stream.ForEachOps$ForEachOp$OfRef.evaluateSequential(ForEachOps.java:173)
	at java.util.stream.AbstractPipeline.evaluate(AbstractPipeline.java:234)
	at java.util.stream.ReferencePipeline.forEach(ReferencePipeline.java:485)
	at org.junit.vintage.engine.VintageTestEngine.executeAllChildren(VintageTestEngine.java:82)
	at org.junit.vintage.engine.VintageTestEngine.execute(VintageTestEngine.java:73)
	at org.junit.platform.launcher.core.DefaultLauncher.execute(DefaultLauncher.java:220)
	at org.junit.platform.launcher.core.DefaultLauncher.lambda$execute$6(DefaultLauncher.java:188)
	at org.junit.platform.launcher.core.DefaultLauncher.withInterceptedStreams(DefaultLauncher.java:202)
	at org.junit.platform.launcher.core.DefaultLauncher.execute(DefaultLauncher.java:181)
	at org.junit.platform.launcher.core.DefaultLauncher.execute(DefaultLauncher.java:128)
	at org.apache.maven.surefire.junitplatform.JUnitPlatformProvider.invokeAllTests(JUnitPlatformProvider.java:150)
	at org.apache.maven.surefire.junitplatform.JUnitPlatformProvider.invoke(JUnitPlatformProvider.java:124)
	at org.apache.maven.surefire.booter.ForkedBooter.invokeProviderInSameClassLoader(ForkedBooter.java:384)
	at org.apache.maven.surefire.booter.ForkedBooter.runSuitesInProcess(ForkedBooter.java:345)
	at org.apache.maven.surefire.booter.ForkedBooter.execute(ForkedBooter.java:126)
	at org.apache.maven.surefire.booter.ForkedBooter.main(ForkedBooter.java:418)
2024-07-29 18:23:18.958 [main] ERROR o.s.test.context.TestContextManager - Caught exception while allowing TestExecutionListener [org.springframework.test.context.web.ServletTestExecutionListener@5b7a8434] to prepare test instance [com.chenxu.article.test.ArticleFreemarkerTest@3b78c683]
java.lang.IllegalStateException: Failed to load ApplicationContext
	at org.springframework.test.context.cache.DefaultCacheAwareContextLoaderDelegate.loadContext(DefaultCacheAwareContextLoaderDelegate.java:132)
	at org.springframework.test.context.support.DefaultTestContext.getApplicationContext(DefaultTestContext.java:123)
	at org.springframework.test.context.web.ServletTestExecutionListener.setUpRequestContextIfNecessary(ServletTestExecutionListener.java:190)
	at org.springframework.test.context.web.ServletTestExecutionListener.prepareTestInstance(ServletTestExecutionListener.java:132)
	at org.springframework.test.context.TestContextManager.prepareTestInstance(TestContextManager.java:244)
	at org.springframework.test.context.junit4.SpringJUnit4ClassRunner.createTest(SpringJUnit4ClassRunner.java:227)
	at org.springframework.test.context.junit4.SpringJUnit4ClassRunner$1.runReflectiveCall(SpringJUnit4ClassRunner.java:289)
	at org.junit.internal.runners.model.ReflectiveCallable.run(ReflectiveCallable.java:12)
	at org.springframework.test.context.junit4.SpringJUnit4ClassRunner.methodBlock(SpringJUnit4ClassRunner.java:291)
	at org.springframework.test.context.junit4.SpringJUnit4ClassRunner.runChild(SpringJUnit4ClassRunner.java:246)
	at org.springframework.test.context.junit4.SpringJUnit4ClassRunner.runChild(SpringJUnit4ClassRunner.java:97)
	at org.junit.runners.ParentRunner$3.run(ParentRunner.java:290)
	at org.junit.runners.ParentRunner$1.schedule(ParentRunner.java:71)
	at org.junit.runners.ParentRunner.runChildren(ParentRunner.java:288)
	at org.junit.runners.ParentRunner.access$000(ParentRunner.java:58)
	at org.junit.runners.ParentRunner$2.evaluate(ParentRunner.java:268)
	at org.springframework.test.context.junit4.statements.RunBeforeTestClassCallbacks.evaluate(RunBeforeTestClassCallbacks.java:61)
	at org.springframework.test.context.junit4.statements.RunAfterTestClassCallbacks.evaluate(RunAfterTestClassCallbacks.java:70)
	at org.junit.runners.ParentRunner.run(ParentRunner.java:363)
	at org.springframework.test.context.junit4.SpringJUnit4ClassRunner.run(SpringJUnit4ClassRunner.java:190)
	at org.junit.runner.JUnitCore.run(JUnitCore.java:137)
	at org.junit.runner.JUnitCore.run(JUnitCore.java:115)
	at org.junit.vintage.engine.execution.RunnerExecutor.execute(RunnerExecutor.java:43)
	at java.util.stream.ForEachOps$ForEachOp$OfRef.accept(ForEachOps.java:183)
	at java.util.stream.ReferencePipeline$3$1.accept(ReferencePipeline.java:193)
	at java.util.Iterator.forEachRemaining(Iterator.java:116)
	at java.util.Spliterators$IteratorSpliterator.forEachRemaining(Spliterators.java:1801)
	at java.util.stream.AbstractPipeline.copyInto(AbstractPipeline.java:482)
	at java.util.stream.AbstractPipeline.wrapAndCopyInto(AbstractPipeline.java:472)
	at java.util.stream.ForEachOps$ForEachOp.evaluateSequential(ForEachOps.java:150)
	at java.util.stream.ForEachOps$ForEachOp$OfRef.evaluateSequential(ForEachOps.java:173)
	at java.util.stream.AbstractPipeline.evaluate(AbstractPipeline.java:234)
	at java.util.stream.ReferencePipeline.forEach(ReferencePipeline.java:485)
	at org.junit.vintage.engine.VintageTestEngine.executeAllChildren(VintageTestEngine.java:82)
	at org.junit.vintage.engine.VintageTestEngine.execute(VintageTestEngine.java:73)
	at org.junit.platform.launcher.core.DefaultLauncher.execute(DefaultLauncher.java:220)
	at org.junit.platform.launcher.core.DefaultLauncher.lambda$execute$6(DefaultLauncher.java:188)
	at org.junit.platform.launcher.core.DefaultLauncher.withInterceptedStreams(DefaultLauncher.java:202)
	at org.junit.platform.launcher.core.DefaultLauncher.execute(DefaultLauncher.java:181)
	at org.junit.platform.launcher.core.DefaultLauncher.execute(DefaultLauncher.java:128)
	at org.apache.maven.surefire.junitplatform.JUnitPlatformProvider.invokeAllTests(JUnitPlatformProvider.java:150)
	at org.apache.maven.surefire.junitplatform.JUnitPlatformProvider.invoke(JUnitPlatformProvider.java:124)
	at org.apache.maven.surefire.booter.ForkedBooter.invokeProviderInSameClassLoader(ForkedBooter.java:384)
	at org.apache.maven.surefire.booter.ForkedBooter.runSuitesInProcess(ForkedBooter.java:345)
	at org.apache.maven.surefire.booter.ForkedBooter.execute(ForkedBooter.java:126)
	at org.apache.maven.surefire.booter.ForkedBooter.main(ForkedBooter.java:418)
Caused by: java.lang.IllegalStateException: Failed to introspect Class [com.chenxu.article.service.impl.ApArticleServiceImpl] from ClassLoader [sun.misc.Launcher$AppClassLoader@75b84c92]
	at org.springframework.util.ReflectionUtils.getDeclaredFields(ReflectionUtils.java:734)
	at org.springframework.util.ReflectionUtils.doWithFields(ReflectionUtils.java:699)
	at org.springframework.util.ReflectionUtils.doWithFields(ReflectionUtils.java:684)
	at org.springframework.boot.test.mock.mockito.DefinitionsParser.parse(DefinitionsParser.java:65)
	at org.springframework.boot.test.mock.mockito.MockitoPostProcessor.postProcessBeanFactory(MockitoPostProcessor.java:135)
	at org.springframework.boot.test.mock.mockito.MockitoPostProcessor.postProcessBeanFactory(MockitoPostProcessor.java:128)
	at org.springframework.context.support.PostProcessorRegistrationDelegate.invokeBeanFactoryPostProcessors(PostProcessorRegistrationDelegate.java:291)
	at org.springframework.context.support.PostProcessorRegistrationDelegate.invokeBeanFactoryPostProcessors(PostProcessorRegistrationDelegate.java:175)
	at org.springframework.context.support.AbstractApplicationContext.invokeBeanFactoryPostProcessors(AbstractApplicationContext.java:707)
	at org.springframework.context.support.AbstractApplicationContext.refresh(AbstractApplicationContext.java:533)
	at org.springframework.boot.SpringApplication.refresh(SpringApplication.java:758)
	at org.springframework.boot.SpringApplication.refresh(SpringApplication.java:750)
	at org.springframework.boot.SpringApplication.refreshContext(SpringApplication.java:405)
	at org.springframework.boot.SpringApplication.run(SpringApplication.java:315)
	at org.springframework.boot.test.context.SpringBootContextLoader.loadContext(SpringBootContextLoader.java:120)
	at org.springframework.test.context.cache.DefaultCacheAwareContextLoaderDelegate.loadContextInternal(DefaultCacheAwareContextLoaderDelegate.java:99)
	at org.springframework.test.context.cache.DefaultCacheAwareContextLoaderDelegate.loadContext(DefaultCacheAwareContextLoaderDelegate.java:124)
	... 45 common frames omitted
Caused by: java.lang.NoClassDefFoundError: Lcom/chenxu/article/mapper/ApArticleConfigMapper;
	at java.lang.Class.getDeclaredFields0(Native Method)
	at java.lang.Class.privateGetDeclaredFields(Class.java:2611)
	at java.lang.Class.getDeclaredFields(Class.java:1944)
	at org.springframework.util.ReflectionUtils.getDeclaredFields(ReflectionUtils.java:729)
	... 61 common frames omitted
Caused by: java.lang.ClassNotFoundException: com.chenxu.article.mapper.ApArticleConfigMapper
	at java.net.URLClassLoader.findClass(URLClassLoader.java:387)
	at java.lang.ClassLoader.loadClass(ClassLoader.java:418)
	at sun.misc.Launcher$AppClassLoader.loadClass(Launcher.java:352)
	at java.lang.ClassLoader.loadClass(ClassLoader.java:351)
	... 65 common frames omitted
]]></system-out>
    <system-err><![CDATA[SLF4J: Class path contains multiple SLF4J bindings.
SLF4J: Found binding in [jar:file:/C:/Program%20Files/apache-maven-3.6.1/mvn_resp/ch/qos/logback/logback-classic/1.2.3/logback-classic-1.2.3.jar!/org/slf4j/impl/StaticLoggerBinder.class]
SLF4J: Found binding in [jar:file:/C:/Program%20Files/apache-maven-3.6.1/mvn_resp/org/apache/logging/log4j/log4j-slf4j-impl/2.13.3/log4j-slf4j-impl-2.13.3.jar!/org/slf4j/impl/StaticLoggerBinder.class]
SLF4J: See http://www.slf4j.org/codes.html#multiple_bindings for an explanation.
SLF4J: Actual binding is of type [ch.qos.logback.classic.util.ContextSelectorStaticBinder]
]]></system-err>
  </testcase>
</testsuite>